{"/home/alexaxel/Desktop/MY_ATLP/My_Brand/server/src/buildScripts/testSetup.js":{"path":"/home/alexaxel/Desktop/MY_ATLP/My_Brand/server/src/buildScripts/testSetup.js","statementMap":{"0":{"start":{"line":1,"column":0},"end":{"line":1,"column":29}},"1":{"start":{"line":2,"column":0},"end":{"line":2,"column":26}}},"fnMap":{},"branchMap":{},"s":{"0":1,"1":1},"f":{},"b":{},"_coverageSchema":"1a1c01bbd47fc00a2c39e90264f33305004495a9","hash":"8c85ea91e5e7afddad50833a9814b437a4890ef4","contentHash":"9454a4255760ffbd60588988f369bed7af6498981b7adad372a69cc56637a002"},"/home/alexaxel/Desktop/MY_ATLP/My_Brand/server/src/models/Article.js":{"path":"/home/alexaxel/Desktop/MY_ATLP/My_Brand/server/src/models/Article.js","statementMap":{"0":{"start":{"line":3,"column":15},"end":{"line":3,"column":34}},"1":{"start":{"line":5,"column":10},"end":{"line":5,"column":30}},"2":{"start":{"line":7,"column":13},"end":{"line":30,"column":2}},"3":{"start":{"line":31,"column":14},"end":{"line":31,"column":47}},"4":{"start":{"line":33,"column":22},"end":{"line":40,"column":1}},"5":{"start":{"line":34,"column":15},"end":{"line":38,"column":4}},"6":{"start":{"line":39,"column":2},"end":{"line":39,"column":34}},"7":{"start":{"line":42,"column":0},"end":{"line":45,"column":2}}},"fnMap":{"0":{"name":"validateArticle","decl":{"start":{"line":33,"column":31},"end":{"line":33,"column":46}},"loc":{"start":{"line":33,"column":56},"end":{"line":40,"column":1}},"line":33}},"branchMap":{},"s":{"0":1,"1":1,"2":1,"3":1,"4":1,"5":1,"6":1,"7":1},"f":{"0":1},"b":{},"inputSourceMap":{"version":3,"sources":["Article.js"],"names":["mongoose","require","Joi","schema","Schema","heading","type","String","required","content","image","userId","date","Date","now","versionKey","Article","model","validateArticle","article","object","string","min","max","validate","module","exports"],"mappings":";;AAAA,IAAMA,QAAQ,GAAGC,OAAO,CAAC,UAAD,CAAxB;;AACA,IAAMC,GAAG,GAAGD,OAAO,CAAC,WAAD,CAAnB;;AAGC,IAAME,MAAM,GAAG,IAAIH,QAAQ,CAACI,MAAb,CAAoB;AAC/BC,EAAAA,OAAO,EAAC;AAACC,IAAAA,IAAI,EAACC,MAAN;AAAcC,IAAAA,QAAQ,EAAC;AAAvB,GADuB;AAE/BC,EAAAA,OAAO,EAAC;AAACH,IAAAA,IAAI,EAAEC,MAAP;AAAgBC,IAAAA,QAAQ,EAAE;AAA1B,GAFuB;AAG/BE,EAAAA,KAAK,EAAC;AAACJ,IAAAA,IAAI,EAAEC,MAAP;AAAeC,IAAAA,QAAQ,EAAE;AAAzB,GAHyB;AAI/BG,EAAAA,MAAM,EAAC;AAACL,IAAAA,IAAI,EAACC,MAAN;AAAaC,IAAAA,QAAQ,EAAC;AAAtB,GAJwB;AAK/BI,EAAAA,IAAI,EAAC;AAACN,IAAAA,IAAI,EAACO,IAAN;AAAY,eAASA,IAAI,CAACC;AAA1B;AAL0B,CAApB,EAMb;AACEC,EAAAA,UAAU,EAAC;AADb,CANa,CAAf;AAWD,IAAMC,OAAO,GAAGhB,QAAQ,CAACiB,KAAT,CAAe,SAAf,EAAyBd,MAAzB,CAAhB;;AAEA,IAAMe,eAAe,GAAG,SAAlBA,eAAkB,CAACC,OAAD,EAAa;AACnC,MAAMhB,MAAM,GAAGD,GAAG,CAACkB,MAAJ,CAAW;AACtBf,IAAAA,OAAO,EAACH,GAAG,CAACmB,MAAJ,GAAaC,GAAb,CAAiB,EAAjB,EAAqBC,GAArB,CAAyB,GAAzB,EAA8Bf,QAA9B,EADc;AAEtBC,IAAAA,OAAO,EAACP,GAAG,CAACmB,MAAJ,GAAaC,GAAb,CAAiB,EAAjB,EAAqBC,GAArB,CAAyB,IAAzB,EAA+Bf,QAA/B,EAFc;AAGtBE,IAAAA,KAAK,EAAER,GAAG,CAACmB,MAAJ;AAHe,GAAX,CAAf;AAMA,SAAOlB,MAAM,CAACqB,QAAP,CAAgBL,OAAhB,CAAP;AACD,CARD;;AAUAM,MAAM,CAACC,OAAP,GAAiB;AACfV,EAAAA,OAAO,EAAPA,OADe;AAEfE,EAAAA,eAAe,EAAfA;AAFe,CAAjB","sourceRoot":"/home/alexaxel/Desktop/MY_ATLP/My_Brand/server/src/models/","sourcesContent":["const mongoose = require(\"mongoose\");\nconst Joi = require('@hapi/joi')\n\n\n const schema = new mongoose.Schema({\n     heading:{type:String, required:true},\n     content:{type: String , required: true},\n     image:{type: String, required: true},\n     userId:{type:String,required:true},\n     date:{type:Date, default: Date.now},\n },{\n     versionKey:false\n })\n\n\nconst Article = mongoose.model(\"Article\",schema);\n\nconst validateArticle = (article) => {\n  const schema = Joi.object({\n      heading:Joi.string().min(20).max(200).required(),\n      content:Joi.string().min(30).max(1000).required(),\n      image: Joi.string(),\n  })\n\n  return schema.validate(article)\n}\n\nmodule.exports = {\n  Article,\n  validateArticle,\n}"]},"_coverageSchema":"1a1c01bbd47fc00a2c39e90264f33305004495a9","hash":"c8dd9cf8ae25533f722d55f7b1c483d5b59c28c3","contentHash":"a58574f5384943fe21343e80dd79d70af2f2aa31a1fb871e193e27633e0baabd"},"/home/alexaxel/Desktop/MY_ATLP/My_Brand/server/src/models/Query.js":{"path":"/home/alexaxel/Desktop/MY_ATLP/My_Brand/server/src/models/Query.js","statementMap":{"0":{"start":{"line":3,"column":15},"end":{"line":3,"column":34}},"1":{"start":{"line":5,"column":10},"end":{"line":5,"column":30}},"2":{"start":{"line":7,"column":13},"end":{"line":30,"column":2}},"3":{"start":{"line":31,"column":12},"end":{"line":31,"column":43}},"4":{"start":{"line":33,"column":20},"end":{"line":41,"column":1}},"5":{"start":{"line":34,"column":15},"end":{"line":39,"column":4}},"6":{"start":{"line":40,"column":2},"end":{"line":40,"column":32}},"7":{"start":{"line":43,"column":0},"end":{"line":46,"column":2}}},"fnMap":{"0":{"name":"validateQuery","decl":{"start":{"line":33,"column":29},"end":{"line":33,"column":42}},"loc":{"start":{"line":33,"column":50},"end":{"line":41,"column":1}},"line":33}},"branchMap":{},"s":{"0":1,"1":1,"2":1,"3":1,"4":1,"5":1,"6":1,"7":1},"f":{"0":1},"b":{},"inputSourceMap":{"version":3,"sources":["Query.js"],"names":["mongoose","require","Joi","schema","Schema","name","type","String","required","email","date","Date","now","subject","message","versionKey","Query","model","validateQuery","query","object","username","string","min","max","validate","module","exports"],"mappings":";;AAAA,IAAMA,QAAQ,GAAGC,OAAO,CAAC,UAAD,CAAxB;;AACA,IAAMC,GAAG,GAAGD,OAAO,CAAC,WAAD,CAAnB;;AAEA,IAAME,MAAM,GAAG,IAAIH,QAAQ,CAACI,MAAb,CAAoB;AAC/BC,EAAAA,IAAI,EAAE;AAACC,IAAAA,IAAI,EAAEC,MAAP;AAAeC,IAAAA,QAAQ,EAAE;AAAzB,GADyB;AAE/BC,EAAAA,KAAK,EAAE;AAACH,IAAAA,IAAI,EAAEC,MAAP;AAAeC,IAAAA,QAAQ,EAAE;AAAzB,GAFwB;AAG/BE,EAAAA,IAAI,EAAE;AAAEJ,IAAAA,IAAI,EAAEK,IAAR;AAAc,eAASA,IAAI,CAACC;AAA5B,GAHyB;AAI/BC,EAAAA,OAAO,EAAC;AAACP,IAAAA,IAAI,EAAEC,MAAP;AAAeC,IAAAA,QAAQ,EAAE;AAAzB,GAJuB;AAK/BM,EAAAA,OAAO,EAAE;AAACR,IAAAA,IAAI,EAAEC,MAAP;AAAeC,IAAAA,QAAQ,EAAE;AAAzB;AALsB,CAApB,EAQb;AACEO,EAAAA,UAAU,EAAE;AADd,CARa,CAAf;AAaA,IAAMC,KAAK,GAAGhB,QAAQ,CAACiB,KAAT,CAAe,OAAf,EAAuBd,MAAvB,CAAd;;AAEA,IAAMe,aAAa,GAAG,SAAhBA,aAAgB,CAACC,KAAD,EAAW;AAC/B,MAAMhB,MAAM,GAAGD,GAAG,CAACkB,MAAJ,CAAW;AACtBC,IAAAA,QAAQ,EAAEnB,GAAG,CAACoB,MAAJ,GAAaC,GAAb,CAAiB,CAAjB,EAAoBC,GAApB,CAAwB,GAAxB,EAA6BhB,QAA7B,EADY;AAEtBC,IAAAA,KAAK,EAAEP,GAAG,CAACoB,MAAJ,GAAab,KAAb,GAAqBc,GAArB,CAAyB,CAAzB,EAA4BC,GAA5B,CAAgC,IAAhC,EAAsChB,QAAtC,EAFe;AAGtBK,IAAAA,OAAO,EAAEX,GAAG,CAACoB,MAAJ,GAAaC,GAAb,CAAiB,EAAjB,EAAqBC,GAArB,CAAyB,GAAzB,EAA8BhB,QAA9B,EAHa;AAItBM,IAAAA,OAAO,EAAEZ,GAAG,CAACoB,MAAJ,GAAaC,GAAb,CAAiB,EAAjB,EAAqBC,GAArB,CAAyB,GAAzB,EAA8BhB,QAA9B;AAJa,GAAX,CAAf;AAOA,SAAOL,MAAM,CAACsB,QAAP,CAAgBN,KAAhB,CAAP;AACD,CATD;;AAWAO,MAAM,CAACC,OAAP,GAAiB;AACfX,EAAAA,KAAK,EAALA,KADe;AAEfE,EAAAA,aAAa,EAAbA;AAFe,CAAjB","sourceRoot":"/home/alexaxel/Desktop/MY_ATLP/My_Brand/server/src/models/","sourcesContent":["const mongoose = require(\"mongoose\");\nconst Joi = require(\"@hapi/joi\")\n\nconst schema = new mongoose.Schema({\n    name: {type: String, required: true},\n    email: {type: String, required: true},\n    date: { type: Date, default: Date.now },\n    subject:{type: String, required: true},\n    message: {type: String, required: true},\n}\n,\n  {\n    versionKey: false\n  }\n)\n\nconst Query = mongoose.model(\"Query\",schema);\n\nconst validateQuery = (query) => {\n  const schema = Joi.object({\n      username: Joi.string().min(5).max(500).required(),\n      email: Joi.string().email().min(5).max(1024).required(),\n      subject: Joi.string().min(10).max(500).required(),\n      message: Joi.string().min(10).max(500).required(),\n  })\n\n  return schema.validate(query)\n}\n\nmodule.exports = {\n  Query,\n  validateQuery,\n}"]},"_coverageSchema":"1a1c01bbd47fc00a2c39e90264f33305004495a9","hash":"d50f91300479fa40efe2302ccc4d0762781cdf24","contentHash":"2ad221adc8c88416b87bccaefbe580a7e92be6e43badf3b673df0350bda509a6"},"/home/alexaxel/Desktop/MY_ATLP/My_Brand/server/src/models/User.js":{"path":"/home/alexaxel/Desktop/MY_ATLP/My_Brand/server/src/models/User.js","statementMap":{"0":{"start":{"line":3,"column":15},"end":{"line":3,"column":34}},"1":{"start":{"line":5,"column":10},"end":{"line":5,"column":30}},"2":{"start":{"line":7,"column":13},"end":{"line":22,"column":2}},"3":{"start":{"line":23,"column":11},"end":{"line":23,"column":41}},"4":{"start":{"line":25,"column":19},"end":{"line":31,"column":1}},"5":{"start":{"line":26,"column":15},"end":{"line":29,"column":4}},"6":{"start":{"line":30,"column":2},"end":{"line":30,"column":31}},"7":{"start":{"line":33,"column":0},"end":{"line":36,"column":2}}},"fnMap":{"0":{"name":"validateUser","decl":{"start":{"line":25,"column":28},"end":{"line":25,"column":40}},"loc":{"start":{"line":25,"column":47},"end":{"line":31,"column":1}},"line":25}},"branchMap":{},"s":{"0":1,"1":1,"2":1,"3":1,"4":1,"5":2,"6":2,"7":1},"f":{"0":2},"b":{},"inputSourceMap":{"version":3,"sources":["User.js"],"names":["mongoose","require","Joi","schema","Schema","email","type","String","required","password","versionKey","User","model","validateUser","user","object","string","min","max","validate","module","exports"],"mappings":";;AAAA,IAAMA,QAAQ,GAAGC,OAAO,CAAC,UAAD,CAAxB;;AACA,IAAMC,GAAG,GAAGD,OAAO,CAAC,WAAD,CAAnB;;AAEC,IAAME,MAAM,GAAG,IAAIH,QAAQ,CAACI,MAAb,CAAoB;AAC/BC,EAAAA,KAAK,EAAC;AAACC,IAAAA,IAAI,EAACC,MAAN;AAAcC,IAAAA,QAAQ,EAAC;AAAvB,GADyB;AAE/BC,EAAAA,QAAQ,EAAC;AAACH,IAAAA,IAAI,EAAEC,MAAP;AAAgBC,IAAAA,QAAQ,EAAE;AAA1B,GAFsB;AAG/BF,EAAAA,IAAI,EAAC;AAACA,IAAAA,IAAI,EAACC,MAAN;AAAc,eAAS;AAAvB;AAH0B,CAApB,EAKb;AACEG,EAAAA,UAAU,EAAC;AADb,CALa,CAAf;AASD,IAAMC,IAAI,GAAGX,QAAQ,CAACY,KAAT,CAAe,MAAf,EAAsBT,MAAtB,CAAb;;AAEC,IAAMU,YAAY,GAAG,SAAfA,YAAe,CAACC,IAAD,EAAU;AAC5B,MAAMX,MAAM,GAAGD,GAAG,CAACa,MAAJ,CAAW;AACtBV,IAAAA,KAAK,EAAEH,GAAG,CAACc,MAAJ,GAAaC,GAAb,CAAiB,CAAjB,EAAoBC,GAApB,CAAwB,GAAxB,EAA6BV,QAA7B,EADe;AAEtBC,IAAAA,QAAQ,EAAEP,GAAG,CAACc,MAAJ,GAAaC,GAAb,CAAiB,CAAjB,EAAoBC,GAApB,CAAwB,IAAxB,EAA8BV,QAA9B;AAFY,GAAX,CAAf;AAKA,SAAOL,MAAM,CAACgB,QAAP,CAAgBL,IAAhB,CAAP;AACD,CAPF;;AASCM,MAAM,CAACC,OAAP,GAAiB;AACfV,EAAAA,IAAI,EAAJA,IADe;AAEfE,EAAAA,YAAY,EAAZA;AAFe,CAAjB","sourceRoot":"/home/alexaxel/Desktop/MY_ATLP/My_Brand/server/src/models/","sourcesContent":["const mongoose = require(\"mongoose\");\nconst Joi = require(\"@hapi/joi\");\n\n const schema = new mongoose.Schema({\n     email:{type:String, required:true},\n     password:{type: String , required: true},\n     type:{type:String, default: \"user\"},\n\n },{\n     versionKey:false\n })\n\nconst User = mongoose.model(\"User\",schema);\n\n const validateUser = (user) => {\n    const schema = Joi.object({\n        email: Joi.string().min(5).max(500).required(),\n        password: Joi.string().min(8).max(1024).required(),\n  \n    })\n    return schema.validate(user)\n  }\n  \n  module.exports = {\n    User,\n    validateUser,\n  }"]},"_coverageSchema":"1a1c01bbd47fc00a2c39e90264f33305004495a9","hash":"abcb4d9caebd39dd4b159bd86c5ec5e4735da438","contentHash":"66b3ea922f554f688fc080c9bd8194a1436043615adddf5f85696220e5f9bd86"},"/home/alexaxel/Desktop/MY_ATLP/My_Brand/server/src/index.js":{"path":"/home/alexaxel/Desktop/MY_ATLP/My_Brand/server/src/index.js","statementMap":{"0":{"start":{"line":3,"column":77},"end":{"line":3,"column":175}},"1":{"start":{"line":3,"column":94},"end":{"line":3,"column":107}},"2":{"start":{"line":3,"column":121},"end":{"line":3,"column":131}},"3":{"start":{"line":3,"column":151},"end":{"line":3,"column":165}},"4":{"start":{"line":3,"column":166},"end":{"line":3,"column":173}},"5":{"start":{"line":3,"column":176},"end":{"line":3,"column":263}},"6":{"start":{"line":3,"column":193},"end":{"line":3,"column":208}},"7":{"start":{"line":3,"column":218},"end":{"line":3,"column":261}},"8":{"start":{"line":5,"column":33},"end":{"line":5,"column":387}},"9":{"start":{"line":5,"column":65},"end":{"line":5,"column":69}},"10":{"start":{"line":5,"column":78},"end":{"line":5,"column":87}},"11":{"start":{"line":5,"column":89},"end":{"line":5,"column":384}},"12":{"start":{"line":5,"column":147},"end":{"line":5,"column":167}},"13":{"start":{"line":5,"column":193},"end":{"line":5,"column":264}},"14":{"start":{"line":5,"column":290},"end":{"line":5,"column":360}},"15":{"start":{"line":5,"column":363},"end":{"line":5,"column":380}},"16":{"start":{"line":7,"column":14},"end":{"line":7,"column":32}},"17":{"start":{"line":9,"column":13},"end":{"line":9,"column":29}},"18":{"start":{"line":11,"column":15},"end":{"line":11,"column":34}},"19":{"start":{"line":13,"column":11},"end":{"line":13,"column":26}},"20":{"start":{"line":15,"column":19},"end":{"line":15,"column":43}},"21":{"start":{"line":17,"column":16},"end":{"line":17,"column":45}},"22":{"start":{"line":19,"column":10},"end":{"line":19,"column":33}},"23":{"start":{"line":21,"column":20},"end":{"line":21,"column":47}},"24":{"start":{"line":23,"column":18},"end":{"line":23,"column":43}},"25":{"start":{"line":25,"column":17},"end":{"line":25,"column":41}},"26":{"start":{"line":27,"column":20},"end":{"line":27,"column":47}},"27":{"start":{"line":29,"column":18},"end":{"line":29,"column":43}},"28":{"start":{"line":31,"column":19},"end":{"line":31,"column":46}},"29":{"start":{"line":33,"column":11},"end":{"line":33,"column":35}},"30":{"start":{"line":35,"column":13},"end":{"line":35,"column":30}},"31":{"start":{"line":37,"column":10},"end":{"line":37,"column":40}},"32":{"start":{"line":39,"column":24},"end":{"line":73,"column":1}},"33":{"start":{"line":74,"column":14},"end":{"line":78,"column":1}},"34":{"start":{"line":79,"column":18},"end":{"line":79,"column":39}},"35":{"start":{"line":80,"column":10},"end":{"line":80,"column":19}},"36":{"start":{"line":82,"column":29},"end":{"line":129,"column":3}},"37":{"start":{"line":83,"column":13},"end":{"line":124,"column":5}},"38":{"start":{"line":84,"column":4},"end":{"line":123,"column":16}},"39":{"start":{"line":85,"column":6},"end":{"line":122,"column":7}},"40":{"start":{"line":86,"column":8},"end":{"line":121,"column":9}},"41":{"start":{"line":88,"column":12},"end":{"line":88,"column":30}},"42":{"start":{"line":89,"column":12},"end":{"line":116,"column":15}},"43":{"start":{"line":94,"column":14},"end":{"line":96,"column":18}},"44":{"start":{"line":97,"column":14},"end":{"line":97,"column":38}},"45":{"start":{"line":100,"column":14},"end":{"line":100,"column":78}},"46":{"start":{"line":101,"column":14},"end":{"line":101,"column":32}},"47":{"start":{"line":102,"column":14},"end":{"line":102,"column":49}},"48":{"start":{"line":103,"column":14},"end":{"line":103,"column":45}},"49":{"start":{"line":104,"column":14},"end":{"line":104,"column":43}},"50":{"start":{"line":105,"column":14},"end":{"line":105,"column":49}},"51":{"start":{"line":106,"column":14},"end":{"line":106,"column":45}},"52":{"start":{"line":107,"column":14},"end":{"line":107,"column":47}},"53":{"start":{"line":108,"column":14},"end":{"line":108,"column":36}},"54":{"start":{"line":109,"column":14},"end":{"line":113,"column":17}},"55":{"start":{"line":110,"column":16},"end":{"line":112,"column":17}},"56":{"start":{"line":111,"column":18},"end":{"line":111,"column":48}},"57":{"start":{"line":115,"column":14},"end":{"line":115,"column":84}},"58":{"start":{"line":120,"column":12},"end":{"line":120,"column":35}},"59":{"start":{"line":126,"column":2},"end":{"line":128,"column":4}},"60":{"start":{"line":127,"column":4},"end":{"line":127,"column":39}},"61":{"start":{"line":132,"column":0},"end":{"line":132,"column":12}},"62":{"start":{"line":133,"column":0},"end":{"line":133,"column":21}}},"fnMap":{"0":{"name":"asyncGeneratorStep","decl":{"start":{"line":3,"column":9},"end":{"line":3,"column":27}},"loc":{"start":{"line":3,"column":75},"end":{"line":3,"column":265}},"line":3},"1":{"name":"_asyncToGenerator","decl":{"start":{"line":5,"column":9},"end":{"line":5,"column":26}},"loc":{"start":{"line":5,"column":31},"end":{"line":5,"column":389}},"line":5},"2":{"name":"(anonymous_2)","decl":{"start":{"line":5,"column":40},"end":{"line":5,"column":41}},"loc":{"start":{"line":5,"column":52},"end":{"line":5,"column":386}},"line":5},"3":{"name":"(anonymous_3)","decl":{"start":{"line":5,"column":108},"end":{"line":5,"column":109}},"loc":{"start":{"line":5,"column":135},"end":{"line":5,"column":382}},"line":5},"4":{"name":"_next","decl":{"start":{"line":5,"column":178},"end":{"line":5,"column":183}},"loc":{"start":{"line":5,"column":191},"end":{"line":5,"column":266}},"line":5},"5":{"name":"_throw","decl":{"start":{"line":5,"column":276},"end":{"line":5,"column":282}},"loc":{"start":{"line":5,"column":288},"end":{"line":5,"column":362}},"line":5},"6":{"name":"(anonymous_6)","decl":{"start":{"line":82,"column":29},"end":{"line":82,"column":30}},"loc":{"start":{"line":82,"column":41},"end":{"line":129,"column":1}},"line":82},"7":{"name":"_callee","decl":{"start":{"line":83,"column":78},"end":{"line":83,"column":85}},"loc":{"start":{"line":83,"column":88},"end":{"line":124,"column":3}},"line":83},"8":{"name":"_callee$","decl":{"start":{"line":84,"column":44},"end":{"line":84,"column":52}},"loc":{"start":{"line":84,"column":63},"end":{"line":123,"column":5}},"line":84},"9":{"name":"(anonymous_9)","decl":{"start":{"line":92,"column":20},"end":{"line":92,"column":21}},"loc":{"start":{"line":92,"column":32},"end":{"line":114,"column":13}},"line":92},"10":{"name":"(anonymous_10)","decl":{"start":{"line":109,"column":31},"end":{"line":109,"column":32}},"loc":{"start":{"line":109,"column":43},"end":{"line":113,"column":15}},"line":109},"11":{"name":"(anonymous_11)","decl":{"start":{"line":114,"column":24},"end":{"line":114,"column":25}},"loc":{"start":{"line":114,"column":41},"end":{"line":116,"column":13}},"line":114},"12":{"name":"connectDB","decl":{"start":{"line":126,"column":18},"end":{"line":126,"column":27}},"loc":{"start":{"line":126,"column":30},"end":{"line":128,"column":3}},"line":126}},"branchMap":{"0":{"loc":{"start":{"line":3,"column":176},"end":{"line":3,"column":263}},"type":"if","locations":[{"start":{"line":3,"column":176},"end":{"line":3,"column":263}},{"start":{"line":3,"column":176},"end":{"line":3,"column":263}}],"line":3},"1":{"loc":{"start":{"line":33,"column":11},"end":{"line":33,"column":35}},"type":"binary-expr","locations":[{"start":{"line":33,"column":11},"end":{"line":33,"column":27}},{"start":{"line":33,"column":31},"end":{"line":33,"column":35}}],"line":33},"2":{"loc":{"start":{"line":86,"column":8},"end":{"line":121,"column":9}},"type":"switch","locations":[{"start":{"line":87,"column":10},"end":{"line":116,"column":15}},{"start":{"line":118,"column":10},"end":{"line":118,"column":17}},{"start":{"line":119,"column":10},"end":{"line":120,"column":35}}],"line":86},"3":{"loc":{"start":{"line":110,"column":16},"end":{"line":112,"column":17}},"type":"if","locations":[{"start":{"line":110,"column":16},"end":{"line":112,"column":17}},{"start":{"line":110,"column":16},"end":{"line":112,"column":17}}],"line":110}},"s":{"0":2,"1":2,"2":2,"3":0,"4":0,"5":2,"6":1,"7":1,"8":1,"9":1,"10":1,"11":1,"12":1,"13":2,"14":0,"15":1,"16":1,"17":1,"18":1,"19":1,"20":1,"21":1,"22":1,"23":1,"24":1,"25":1,"26":1,"27":1,"28":1,"29":1,"30":1,"31":1,"32":1,"33":1,"34":1,"35":1,"36":1,"37":1,"38":1,"39":2,"40":2,"41":1,"42":1,"43":1,"44":1,"45":1,"46":1,"47":1,"48":1,"49":1,"50":1,"51":1,"52":1,"53":1,"54":1,"55":1,"56":1,"57":0,"58":1,"59":1,"60":1,"61":1,"62":1},"f":{"0":2,"1":1,"2":1,"3":1,"4":2,"5":0,"6":1,"7":1,"8":2,"9":1,"10":1,"11":0,"12":1},"b":{"0":[1,1],"1":[1,1],"2":[1,1,1],"3":[1,0]},"inputSourceMap":{"version":3,"sources":["index.js"],"names":["express","require","router","Router","mongoose","cors","swaggerJSDoc","swaggerUi","api","articleRoutes","queryRouter","likeRouter","commentRouter","loginRouter","signupRouter","PORT","process","env","config","req","swaggerDefinition","openapi","info","title","version","description","license","name","url","contact","servers","security","bearerAuth","components","securitySchemes","type","scheme","bearerFormat","options","apis","swaggerSpec","app","connectDB","connect","DBHost","useNewUrlParser","useUnifiedTopology","then","use","origin","json","serve","setup","set","listen","util","getEnv","console","log","error","module","exports"],"mappings":";;;;;;AAAA,IAAMA,OAAO,GAAGC,OAAO,CAAC,SAAD,CAAvB;;AACA,IAAMC,MAAM,GAAGF,OAAO,CAACG,MAAR,EAAf;;AACA,IAAMC,QAAQ,GAAGH,OAAO,CAAC,UAAD,CAAxB;;AACA,IAAMI,IAAI,GAAGJ,OAAO,CAAC,MAAD,CAApB;;AACA,IAAMK,YAAY,GAAGL,OAAO,CAAC,eAAD,CAA5B;;AACA,IAAMM,SAAS,GAAGN,OAAO,CAAC,oBAAD,CAAzB;;AAEA,IAAMO,GAAG,GAAGP,OAAO,CAAC,cAAD,CAAnB;;AACA,IAAMQ,aAAa,GAAGR,OAAO,CAAC,kBAAD,CAA7B;;AACA,IAAMS,WAAW,GAAGT,OAAO,CAAC,gBAAD,CAA3B;;AACA,IAAMU,UAAU,GAAGV,OAAO,CAAC,eAAD,CAA1B;;AACA,IAAMW,aAAa,GAAGX,OAAO,CAAC,kBAAD,CAA7B;;AAEA,IAAMY,WAAW,GAAGZ,OAAO,CAAC,gBAAD,CAA3B;;AACA,IAAMa,YAAY,GAAGb,OAAO,CAAC,kBAAD,CAA5B;;AAEA,IAAMc,IAAI,GAAGC,OAAO,CAACC,GAAR,CAAYF,IAAZ,IAAoB,IAAjC;;AACA,IAAMG,MAAM,GAAGjB,OAAO,CAAC,QAAD,CAAtB;;AACA,IAAMkB,GAAG,GAAGlB,OAAO,CAAC,qBAAD,CAAnB;;AAEA,IAAMmB,iBAAiB,GAAG;AACxBC,EAAAA,OAAO,EAAE,OADe;AAExBC,EAAAA,IAAI,EAAE;AACJC,IAAAA,KAAK,EAAE,sCADH;AAEJC,IAAAA,OAAO,EAAE;AAFL,GAFkB;AAMxBC,EAAAA,WAAW,EACT,kGAPsB;AAQxBC,EAAAA,OAAO,EAAE;AACPC,IAAAA,IAAI,EAAE,oBADC;AAEPC,IAAAA,GAAG,EAAE;AAFE,GARe;AAYxBC,EAAAA,OAAO,EAAE;AACPF,IAAAA,IAAI,EAAE,WADC;AAEPC,IAAAA,GAAG,EAAE;AAFE,GAZe;AAgBxBE,EAAAA,OAAO,EAAE,CACP;AACEF,IAAAA,GAAG,EAAE;AADP,GADO,EAIP;AACEA,IAAAA,GAAG,EAAE;AADP,GAJO,CAhBe;AAwBxBG,EAAAA,QAAQ,EAAE,CACR;AACEC,IAAAA,UAAU,EAAE;AADd,GADQ,CAxBc;AA6BxBC,EAAAA,UAAU,EAAE;AACVC,IAAAA,eAAe,EAAE;AACfF,MAAAA,UAAU,EAAE;AACVG,QAAAA,IAAI,EAAE,MADI;AAEVC,QAAAA,MAAM,EAAE,QAFE;AAGVC,QAAAA,YAAY,EAAE,KAHJ;AAIVV,QAAAA,IAAI,EAAE,YAJI;AAKV,cAAI;AALM;AADG;AADP;AA7BY,CAA1B;AA0CA,IAAMW,OAAO,GAAG;AACdlB,EAAAA,iBAAiB,EAAjBA,iBADc;AAEd;AACAmB,EAAAA,IAAI,EAAE,CAAC,iBAAD;AAHQ,CAAhB;AAMA,IAAMC,WAAW,GAAGlC,YAAY,CAACgC,OAAD,CAAhC;AAEA,IAAMG,GAAG,GAAGzC,OAAO,EAAnB;;AAEA,IAAM0C,SAAS;AAAA,qEAAG;AAAA;AAAA;AAAA;AAAA;AAAA;AAAA,mBACVtC,QAAQ,CACXuC,OADG,CACKzB,MAAM,CAAC0B,MADZ,EACoB;AAAEC,cAAAA,eAAe,EAAE,IAAnB;AAAyBC,cAAAA,kBAAkB,EAAE;AAA7C,aADpB,EAEHC,IAFG,CAEE,YAAM;AACV;AACAN,cAAAA,GAAG,CAACO,GAAJ,CACE3C,IAAI,CAAC;AACH4C,gBAAAA,MAAM,EAAE;AADL,eAAD,CADN;AAMAR,cAAAA,GAAG,CAACO,GAAJ,CAAQhD,OAAO,CAACkD,IAAR,EAAR,EARU,CAUV;;AAAA;AACAT,cAAAA,GAAG,CAACO,GAAJ,CAAQ,OAAR,EAAiBzC,SAAS,CAAC4C,KAA3B,EAAkC5C,SAAS,CAAC6C,KAAV,CAAgBZ,WAAhB,CAAlC;AAEAC,cAAAA,GAAG,CAACO,GAAJ,CAAQ,GAAR,EAAaxC,GAAb;AACAiC,cAAAA,GAAG,CAACO,GAAJ,CAAQ,UAAR,EAAoBvC,aAApB;AACAgC,cAAAA,GAAG,CAACO,GAAJ,CAAQ,QAAR,EAAkBtC,WAAlB;AACA+B,cAAAA,GAAG,CAACO,GAAJ,CAAQ,OAAR,EAAiBrC,UAAjB;AACA8B,cAAAA,GAAG,CAACO,GAAJ,CAAQ,UAAR,EAAoBpC,aAApB;AAEA6B,cAAAA,GAAG,CAACO,GAAJ,CAAQ,QAAR,EAAkBnC,WAAlB;AACA4B,cAAAA,GAAG,CAACO,GAAJ,CAAQ,SAAR,EAAmBlC,YAAnB;AAEA2B,cAAAA,GAAG,CAACY,GAAJ,CAAQ,MAAR,EAAgBtC,IAAhB;AAEA0B,cAAAA,GAAG,CAACa,MAAJ,CAAWvC,IAAX,EAAiB,YAAM;AACrB,oBAAIG,MAAM,CAACqC,IAAP,CAAYC,MAAZ,CAAmB,UAAnB,KAAkC,MAAtC,EAA8C;AAC5CC,kBAAAA,OAAO,CAACC,GAAR,CAAY,gBAAZ;AACD;AACF,eAJD;AAKD,aA/BG,WAgCG,UAAUC,KAAV,EAAiB;AACtBF,cAAAA,OAAO,CAACC,GAAR,8CAAkDC,KAAlD;AACD,aAlCG,CADU;;AAAA;AAAA;AAAA;AAAA;AAAA;AAAA;AAAA,GAAH;;AAAA,kBAATjB,SAAS;AAAA;AAAA;AAAA,GAAf,C,CAsCA;;;AACAA,SAAS;AACTkB,MAAM,CAACC,OAAP,GAAiBpB,GAAjB","sourceRoot":"/home/alexaxel/Desktop/MY_ATLP/My_Brand/server/src/","sourcesContent":["const express = require(\"express\");\nconst router = express.Router();\nconst mongoose = require(\"mongoose\");\nconst cors = require(\"cors\");\nconst swaggerJSDoc = require(\"swagger-jsdoc\");\nconst swaggerUi = require(\"swagger-ui-express\");\n\nconst api = require(\"./routes/api\");\nconst articleRoutes = require(\"./routes/article\");\nconst queryRouter = require(\"./routes/query\");\nconst likeRouter = require(\"./routes/like\");\nconst commentRouter = require(\"./routes/comment\");\n\nconst loginRouter = require(\"./routes/login\");\nconst signupRouter = require(\"./routes/sign-up\");\n\nconst PORT = process.env.PORT || 5000;\nconst config = require(\"config\");\nconst req = require(\"express/lib/request\");\n\nconst swaggerDefinition = {\n  openapi: \"3.0.0\",\n  info: {\n    title: \"This is Express API for My portfolio\",\n    version: \"1.0.0\",\n  },\n  description:\n    \"This is a REST API application made with Express. It retrieves data from Mongodb using mongoose.\",\n  license: {\n    name: \"Licensed Under MIT\",\n    url: \"https://spdx.org/licenses/MIT.html\",\n  },\n  contact: {\n    name: \"TETO Alia\",\n    url: \"https://www.tetoalia.codes\",\n  },\n  servers: [\n    {\n      url: \"http://localhost:5000/\",\n    },\n    {\n      url: \"https://my-brand-heroku.herokuapp.com/\",\n    },\n  ],\n  security: [\n    {\n      bearerAuth: [],\n    },\n  ],\n  components: {\n    securitySchemes: {\n      bearerAuth: {\n        type: \"http\",\n        scheme: \"bearer\",\n        bearerFormat: \"JWT\",\n        name: \"bearerAuth\",\n        in: \"header\",\n      },\n    },\n  },\n};\n\nconst options = {\n  swaggerDefinition,\n  // Paths to files containing OpenAPI definitions\n  apis: [\"src/routes/*.js\"],\n};\n\nconst swaggerSpec = swaggerJSDoc(options);\n\nconst app = express();\n\nconst connectDB = async () => {\n  await mongoose\n    .connect(config.DBHost, { useNewUrlParser: true, useUnifiedTopology: true })\n    .then(() => {\n      //middlewares\n      app.use(\n        cors({\n          origin: \"*\",\n        })\n      );\n\n      app.use(express.json());\n\n      //middlewares for routes\n      app.use(\"/docs\", swaggerUi.serve, swaggerUi.setup(swaggerSpec));\n\n      app.use(\"/\", api);\n      app.use(\"/article\", articleRoutes);\n      app.use(\"/query\", queryRouter);\n      app.use(\"/like\", likeRouter);\n      app.use(\"/comment\", commentRouter);\n\n      app.use(\"/login\", loginRouter);\n      app.use(\"/signup\", signupRouter);\n\n      app.set(\"port\", PORT);\n\n      app.listen(PORT, () => {\n        if (config.util.getEnv(\"NODE_ENV\") != \"test\") {\n          console.log(\"server started\");\n        }\n      });\n    })\n    .catch(function (error) {\n      console.log(`Unable to connect to the Mongo db  ${error} `);\n    });\n};\n\n// use as a function\nconnectDB();\nmodule.exports = app;\n"]},"_coverageSchema":"1a1c01bbd47fc00a2c39e90264f33305004495a9","hash":"ee07457dd82e81f7a141b0da6b1afec40a572067","contentHash":"29fcbd8a387129f10c424769614eb9af949e198a00b124350edee047604acc02"},"/home/alexaxel/Desktop/MY_ATLP/My_Brand/server/src/routes/api.js":{"path":"/home/alexaxel/Desktop/MY_ATLP/My_Brand/server/src/routes/api.js","statementMap":{"0":{"start":{"line":3,"column":19},"end":{"line":3,"column":56}},"1":{"start":{"line":5,"column":77},"end":{"line":5,"column":175}},"2":{"start":{"line":5,"column":94},"end":{"line":5,"column":107}},"3":{"start":{"line":5,"column":121},"end":{"line":5,"column":131}},"4":{"start":{"line":5,"column":151},"end":{"line":5,"column":165}},"5":{"start":{"line":5,"column":166},"end":{"line":5,"column":173}},"6":{"start":{"line":5,"column":176},"end":{"line":5,"column":263}},"7":{"start":{"line":5,"column":193},"end":{"line":5,"column":208}},"8":{"start":{"line":5,"column":218},"end":{"line":5,"column":261}},"9":{"start":{"line":7,"column":33},"end":{"line":7,"column":387}},"10":{"start":{"line":7,"column":65},"end":{"line":7,"column":69}},"11":{"start":{"line":7,"column":78},"end":{"line":7,"column":87}},"12":{"start":{"line":7,"column":89},"end":{"line":7,"column":384}},"13":{"start":{"line":7,"column":147},"end":{"line":7,"column":167}},"14":{"start":{"line":7,"column":193},"end":{"line":7,"column":264}},"15":{"start":{"line":7,"column":290},"end":{"line":7,"column":360}},"16":{"start":{"line":7,"column":363},"end":{"line":7,"column":380}},"17":{"start":{"line":9,"column":14},"end":{"line":9,"column":32}},"18":{"start":{"line":11,"column":15},"end":{"line":11,"column":40}},"19":{"start":{"line":12,"column":19},"end":{"line":12,"column":40}},"20":{"start":{"line":13,"column":11},"end":{"line":13,"column":24}},"21":{"start":{"line":15,"column":16},"end":{"line":15,"column":41}},"22":{"start":{"line":16,"column":14},"end":{"line":16,"column":31}},"23":{"start":{"line":18,"column":13},"end":{"line":18,"column":29}},"24":{"start":{"line":20,"column":25},"end":{"line":20,"column":69}},"25":{"start":{"line":22,"column":0},"end":{"line":47,"column":5}},"26":{"start":{"line":23,"column":13},"end":{"line":42,"column":5}},"27":{"start":{"line":24,"column":4},"end":{"line":41,"column":16}},"28":{"start":{"line":25,"column":6},"end":{"line":40,"column":7}},"29":{"start":{"line":26,"column":8},"end":{"line":39,"column":9}},"30":{"start":{"line":28,"column":12},"end":{"line":34,"column":13}},"31":{"start":{"line":29,"column":14},"end":{"line":29,"column":77}},"32":{"start":{"line":31,"column":14},"end":{"line":33,"column":17}},"33":{"start":{"line":38,"column":12},"end":{"line":38,"column":35}},"34":{"start":{"line":44,"column":2},"end":{"line":46,"column":4}},"35":{"start":{"line":45,"column":4},"end":{"line":45,"column":39}},"36":{"start":{"line":48,"column":0},"end":{"line":48,"column":24}}},"fnMap":{"0":{"name":"asyncGeneratorStep","decl":{"start":{"line":5,"column":9},"end":{"line":5,"column":27}},"loc":{"start":{"line":5,"column":75},"end":{"line":5,"column":265}},"line":5},"1":{"name":"_asyncToGenerator","decl":{"start":{"line":7,"column":9},"end":{"line":7,"column":26}},"loc":{"start":{"line":7,"column":31},"end":{"line":7,"column":389}},"line":7},"2":{"name":"(anonymous_2)","decl":{"start":{"line":7,"column":40},"end":{"line":7,"column":41}},"loc":{"start":{"line":7,"column":52},"end":{"line":7,"column":386}},"line":7},"3":{"name":"(anonymous_3)","decl":{"start":{"line":7,"column":108},"end":{"line":7,"column":109}},"loc":{"start":{"line":7,"column":135},"end":{"line":7,"column":382}},"line":7},"4":{"name":"_next","decl":{"start":{"line":7,"column":178},"end":{"line":7,"column":183}},"loc":{"start":{"line":7,"column":191},"end":{"line":7,"column":266}},"line":7},"5":{"name":"_throw","decl":{"start":{"line":7,"column":276},"end":{"line":7,"column":282}},"loc":{"start":{"line":7,"column":288},"end":{"line":7,"column":362}},"line":7},"6":{"name":"(anonymous_6)","decl":{"start":{"line":22,"column":29},"end":{"line":22,"column":30}},"loc":{"start":{"line":22,"column":41},"end":{"line":47,"column":1}},"line":22},"7":{"name":"_callee","decl":{"start":{"line":23,"column":78},"end":{"line":23,"column":85}},"loc":{"start":{"line":23,"column":96},"end":{"line":42,"column":3}},"line":23},"8":{"name":"_callee$","decl":{"start":{"line":24,"column":44},"end":{"line":24,"column":52}},"loc":{"start":{"line":24,"column":63},"end":{"line":41,"column":5}},"line":24},"9":{"name":"(anonymous_9)","decl":{"start":{"line":44,"column":9},"end":{"line":44,"column":10}},"loc":{"start":{"line":44,"column":28},"end":{"line":46,"column":3}},"line":44}},"branchMap":{"0":{"loc":{"start":{"line":5,"column":176},"end":{"line":5,"column":263}},"type":"if","locations":[{"start":{"line":5,"column":176},"end":{"line":5,"column":263}},{"start":{"line":5,"column":176},"end":{"line":5,"column":263}}],"line":5},"1":{"loc":{"start":{"line":26,"column":8},"end":{"line":39,"column":9}},"type":"switch","locations":[{"start":{"line":27,"column":10},"end":{"line":34,"column":13}},{"start":{"line":36,"column":10},"end":{"line":36,"column":17}},{"start":{"line":37,"column":10},"end":{"line":38,"column":35}}],"line":26}},"s":{"0":1,"1":0,"2":0,"3":0,"4":0,"5":0,"6":0,"7":0,"8":0,"9":1,"10":0,"11":0,"12":0,"13":0,"14":0,"15":0,"16":0,"17":1,"18":1,"19":1,"20":1,"21":1,"22":1,"23":1,"24":1,"25":1,"26":1,"27":0,"28":0,"29":0,"30":0,"31":0,"32":0,"33":0,"34":1,"35":0,"36":1},"f":{"0":0,"1":1,"2":0,"3":0,"4":0,"5":0,"6":1,"7":0,"8":0,"9":0},"b":{"0":[0,0],"1":[0,0,0]},"inputSourceMap":{"version":3,"sources":["api.js"],"names":["express","require","validateLike","Like","Article","router","Router","validateMiddleWare","get","req","res","status","send","error","sendStatus","module","exports"],"mappings":";;AAOA;;;;;;AAPA,IAAMA,OAAO,GAAGC,OAAO,CAAC,SAAD,CAAvB;;AACA,eAA+BA,OAAO,CAAC,gBAAD,CAAtC;AAAA,IAAQC,YAAR,YAAQA,YAAR;AAAA,IAAsBC,IAAtB,YAAsBA,IAAtB;;AACA,gBAAoBF,OAAO,CAAC,gBAAD,CAA3B;AAAA,IAAQG,OAAR,aAAQA,OAAR;;AAEA,IAAMC,MAAM,GAAGL,OAAO,CAACM,MAAR,EAAf;;AACA,IAAMC,kBAAkB,GAAGN,OAAO,CAAC,mCAAD,CAAlC;;AAIAI,MAAM,CAACG,GAAP,CAAW,GAAX;AAAA,qEAAgB,iBAAOC,GAAP,EAAYC,GAAZ;AAAA;AAAA;AAAA;AAAA;AACd,gBAAI;AACFA,cAAAA,GAAG,CAACC,MAAJ,CAAW,GAAX,EAAgBC,IAAhB,CAAqB,wCAArB;AACD,aAFD,CAEE,OAAOC,KAAP,EAAc;AACdH,cAAAA,GAAG,CAACI,UAAJ,CAAe,GAAf,EAAoBF,IAApB,CAAyB;AAAEC,gBAAAA,KAAK,EAAE;AAAT,eAAzB;AACD;;AALa;AAAA;AAAA;AAAA;AAAA;AAAA;AAAA,GAAhB;;AAAA;AAAA;AAAA;AAAA;AAQAE,MAAM,CAACC,OAAP,GAAiBX,MAAjB","sourceRoot":"/home/alexaxel/Desktop/MY_ATLP/My_Brand/server/src/routes/","sourcesContent":["const express = require(\"express\");\nconst { validateLike, Like } = require(\"../models/Like\");\nconst { Article } = require(\"../models/Like\");\n\nconst router = express.Router();\nconst validateMiddleWare = require(\"../middlewares/validateMiddleware\");\n\nimport { verifyToken } from \"../controllers/verifyToken\";\n\nrouter.get(\"/\", async (req, res) => {\n  try {\n    res.status(200).send(\"<h1> Welcome to my portfolio api </h1>\");\n  } catch (error) {\n    res.sendStatus(500).send({ error: \" There is a problem with request\" });\n  }\n});\n\nmodule.exports = router;\n"]},"_coverageSchema":"1a1c01bbd47fc00a2c39e90264f33305004495a9","hash":"90ad4c16296ee8d01c8851704b5415ac6b7071ab","contentHash":"aff39cadaf902a086962ef84474102394c073efcead36e491012fbb0adf22ddd"},"/home/alexaxel/Desktop/MY_ATLP/My_Brand/server/src/controllers/verifyToken.js":{"path":"/home/alexaxel/Desktop/MY_ATLP/My_Brand/server/src/controllers/verifyToken.js","statementMap":{"0":{"start":{"line":3,"column":0},"end":{"line":5,"column":3}},"1":{"start":{"line":6,"column":0},"end":{"line":6,"column":34}},"2":{"start":{"line":8,"column":16},"end":{"line":8,"column":47}},"3":{"start":{"line":10,"column":10},"end":{"line":10,"column":33}},"4":{"start":{"line":12,"column":13},"end":{"line":12,"column":30}},"5":{"start":{"line":16,"column":2},"end":{"line":28,"column":3}},"6":{"start":{"line":17,"column":23},"end":{"line":17,"column":48}},"7":{"start":{"line":18,"column":22},"end":{"line":18,"column":64}},"8":{"start":{"line":19,"column":4},"end":{"line":19,"column":57}},"9":{"start":{"line":19,"column":30},"end":{"line":19,"column":57}},"10":{"start":{"line":20,"column":4},"end":{"line":25,"column":7}},"11":{"start":{"line":22,"column":6},"end":{"line":22,"column":42}},"12":{"start":{"line":22,"column":15},"end":{"line":22,"column":42}},"13":{"start":{"line":23,"column":6},"end":{"line":23,"column":22}},"14":{"start":{"line":24,"column":6},"end":{"line":24,"column":13}},"15":{"start":{"line":27,"column":4},"end":{"line":27,"column":21}}},"fnMap":{"0":{"name":"verifyToken","decl":{"start":{"line":15,"column":9},"end":{"line":15,"column":20}},"loc":{"start":{"line":15,"column":37},"end":{"line":29,"column":1}},"line":15},"1":{"name":"(anonymous_1)","decl":{"start":{"line":20,"column":43},"end":{"line":20,"column":44}},"loc":{"start":{"line":20,"column":64},"end":{"line":25,"column":5}},"line":20}},"branchMap":{"0":{"loc":{"start":{"line":18,"column":22},"end":{"line":18,"column":64}},"type":"binary-expr","locations":[{"start":{"line":18,"column":22},"end":{"line":18,"column":34}},{"start":{"line":18,"column":38},"end":{"line":18,"column":64}}],"line":18},"1":{"loc":{"start":{"line":19,"column":4},"end":{"line":19,"column":57}},"type":"if","locations":[{"start":{"line":19,"column":4},"end":{"line":19,"column":57}},{"start":{"line":19,"column":4},"end":{"line":19,"column":57}}],"line":19},"2":{"loc":{"start":{"line":22,"column":6},"end":{"line":22,"column":42}},"type":"if","locations":[{"start":{"line":22,"column":6},"end":{"line":22,"column":42}},{"start":{"line":22,"column":6},"end":{"line":22,"column":42}}],"line":22}},"s":{"0":1,"1":1,"2":1,"3":1,"4":1,"5":4,"6":4,"7":4,"8":4,"9":0,"10":4,"11":4,"12":0,"13":4,"14":4,"15":0},"f":{"0":4,"1":4},"b":{"0":[4,4],"1":[0,4],"2":[0,4]},"inputSourceMap":{"version":3,"sources":["verifyToken.js"],"names":["jwt","require","config","verifyToken","req","res","next","bearerHeader","headers","authorization","bearerToken","split","sendStatus","verify","secret","err","user","console","log"],"mappings":";;;;;;;AAAA;;AAEA,IAAMA,GAAG,GAAGC,OAAO,CAAC,cAAD,CAAnB;;AACA,IAAMC,MAAM,GAAGD,OAAO,CAAC,QAAD,CAAtB,C,CAEA;;;AACA,SAASE,WAAT,CAAqBC,GAArB,EAA0BC,GAA1B,EAA+BC,IAA/B,EAAqC;AACnC,MAAG;AACD,QAAMC,YAAY,GAAGH,GAAG,CAACI,OAAJ,CAAYC,aAAjC;AACA,QAAMC,WAAW,GAAGH,YAAY,IAAIA,YAAY,CAACI,KAAb,CAAmB,GAAnB,EAAwB,CAAxB,CAApC;AACA,QAAIJ,YAAY,IAAI,IAApB,EAA0B,OAAOF,GAAG,CAACO,UAAJ,CAAe,GAAf,CAAP;AAE1BZ,IAAAA,GAAG,CAACa,MAAJ,CAAWH,WAAX,EAAwBR,MAAM,CAACY,MAA/B,EAAuC,UAACC,GAAD,EAAKC,IAAL,EAAa;AAClD;AACE,UAAID,GAAJ,EAAS,OAAOV,GAAG,CAACO,UAAJ,CAAe,GAAf,CAAP;AACTR,MAAAA,GAAG,CAACY,IAAJ,GAAWA,IAAX;AACAV,MAAAA,IAAI;AACP,KALD;AAMD,GAXD,CAYA,OAAMS,GAAN,EAAU;AACRE,IAAAA,OAAO,CAACC,GAAR,CAAYH,GAAZ;AACD;AAEA","sourceRoot":"/home/alexaxel/Desktop/MY_ATLP/My_Brand/server/src/controllers/","sourcesContent":["import { send } from \"express/lib/response\";\n\nconst jwt = require(\"jsonwebtoken\")\nconst config = require(\"config\");\n\n// Verify Token\nfunction verifyToken(req, res, next) {\n  try{\n    const bearerHeader = req.headers.authorization;\n    const bearerToken = bearerHeader && bearerHeader.split(' ')[1];\n    if (bearerHeader == null) return res.sendStatus(401);\n\n    jwt.verify(bearerToken, config.secret, (err,user) =>{\n      // console.log(err)\n        if (err) return res.sendStatus(403);\n        req.user = user;\n        next();\n    })\n  }\n  catch(err){\n    console.log(err)\n  }\n  \n  }\nexport{ verifyToken }"]},"_coverageSchema":"1a1c01bbd47fc00a2c39e90264f33305004495a9","hash":"1162916bacb86f336503ceec1fb65c086b805ba5","contentHash":"c02e3ce6f26304ce5f5235e4b0adc079da35e8022430a17fc2c91b127b24eab4"},"/home/alexaxel/Desktop/MY_ATLP/My_Brand/server/src/models/Like.js":{"path":"/home/alexaxel/Desktop/MY_ATLP/My_Brand/server/src/models/Like.js","statementMap":{"0":{"start":{"line":3,"column":15},"end":{"line":3,"column":34}},"1":{"start":{"line":5,"column":10},"end":{"line":5,"column":30}},"2":{"start":{"line":7,"column":13},"end":{"line":18,"column":2}},"3":{"start":{"line":19,"column":11},"end":{"line":19,"column":41}},"4":{"start":{"line":21,"column":19},"end":{"line":26,"column":1}},"5":{"start":{"line":22,"column":15},"end":{"line":24,"column":4}},"6":{"start":{"line":25,"column":2},"end":{"line":25,"column":31}},"7":{"start":{"line":28,"column":0},"end":{"line":31,"column":2}}},"fnMap":{"0":{"name":"validateLike","decl":{"start":{"line":21,"column":28},"end":{"line":21,"column":40}},"loc":{"start":{"line":21,"column":47},"end":{"line":26,"column":1}},"line":21}},"branchMap":{},"s":{"0":1,"1":1,"2":1,"3":1,"4":1,"5":1,"6":1,"7":1},"f":{"0":1},"b":{},"inputSourceMap":{"version":3,"sources":["Like.js"],"names":["mongoose","require","Joi","schema","Schema","articleId","type","String","required","userId","versionKey","Like","model","validateLike","like","object","string","validate","module","exports"],"mappings":";;AAAA,IAAMA,QAAQ,GAAGC,OAAO,CAAC,UAAD,CAAxB;;AACA,IAAMC,GAAG,GAAGD,OAAO,CAAC,WAAD,CAAnB;;AAEC,IAAME,MAAM,GAAG,IAAIH,QAAQ,CAACI,MAAb,CAAoB;AAC/BC,EAAAA,SAAS,EAAC;AAACC,IAAAA,IAAI,EAACC,MAAN;AAAcC,IAAAA,QAAQ,EAAC;AAAvB,GADqB;AAE/BC,EAAAA,MAAM,EAAC;AAACH,IAAAA,IAAI,EAAEC,MAAP;AAAgBC,IAAAA,QAAQ,EAAE;AAA1B;AAFwB,CAApB,EAGb;AACEE,EAAAA,UAAU,EAAC;AADb,CAHa,CAAf;AAQD,IAAMC,IAAI,GAAGX,QAAQ,CAACY,KAAT,CAAe,MAAf,EAAsBT,MAAtB,CAAb;;AAEA,IAAMU,YAAY,GAAG,SAAfA,YAAe,CAACC,IAAD,EAAU;AAC7B,MAAMX,MAAM,GAAGD,GAAG,CAACa,MAAJ,CAAW;AACtBV,IAAAA,SAAS,EAACH,GAAG,CAACc,MAAJ,GAAaR,QAAb;AADY,GAAX,CAAf;AAGA,SAAOL,MAAM,CAACc,QAAP,CAAgBH,IAAhB,CAAP;AACD,CALD;;AAOAI,MAAM,CAACC,OAAP,GAAiB;AACfR,EAAAA,IAAI,EAAJA,IADe;AAEfE,EAAAA,YAAY,EAAZA;AAFe,CAAjB","sourceRoot":"/home/alexaxel/Desktop/MY_ATLP/My_Brand/server/src/models/","sourcesContent":["const mongoose = require(\"mongoose\");\nconst Joi = require('@hapi/joi')\n\n const schema = new mongoose.Schema({\n     articleId:{type:String, required:true},\n     userId:{type: String , required: true},     \n },{\n     versionKey:false\n })\n\n\nconst Like = mongoose.model(\"Like\",schema);\n\nconst validateLike = (like) => {\n  const schema = Joi.object({\n      articleId:Joi.string().required(),\n  })\n  return schema.validate(like)\n}\n\nmodule.exports = {\n  Like,\n  validateLike,\n}"]},"_coverageSchema":"1a1c01bbd47fc00a2c39e90264f33305004495a9","hash":"fb3901a4ecc7a87e3f689e8a8bc0cf562dbd5d88","contentHash":"0c28d0044b93d18a0b06ffe22b50ba45f68d36ece67aea66fca47b15baa515ae"},"/home/alexaxel/Desktop/MY_ATLP/My_Brand/server/src/middlewares/validateMiddleware.js":{"path":"/home/alexaxel/Desktop/MY_ATLP/My_Brand/server/src/middlewares/validateMiddleware.js","statementMap":{"0":{"start":{"line":4,"column":0},"end":{"line":15,"column":2}},"1":{"start":{"line":5,"column":2},"end":{"line":14,"column":4}},"2":{"start":{"line":6,"column":21},"end":{"line":6,"column":40}},"3":{"start":{"line":7,"column":16},"end":{"line":7,"column":32}},"4":{"start":{"line":9,"column":4},"end":{"line":11,"column":5}},"5":{"start":{"line":10,"column":6},"end":{"line":10,"column":60}},"6":{"start":{"line":13,"column":4},"end":{"line":13,"column":11}}},"fnMap":{"0":{"name":"(anonymous_0)","decl":{"start":{"line":4,"column":17},"end":{"line":4,"column":18}},"loc":{"start":{"line":4,"column":38},"end":{"line":15,"column":1}},"line":4},"1":{"name":"(anonymous_1)","decl":{"start":{"line":5,"column":9},"end":{"line":5,"column":10}},"loc":{"start":{"line":5,"column":35},"end":{"line":14,"column":3}},"line":5}},"branchMap":{"0":{"loc":{"start":{"line":9,"column":4},"end":{"line":11,"column":5}},"type":"if","locations":[{"start":{"line":9,"column":4},"end":{"line":11,"column":5}},{"start":{"line":9,"column":4},"end":{"line":11,"column":5}}],"line":9}},"s":{"0":1,"1":7,"2":6,"3":6,"4":6,"5":1,"6":5},"f":{"0":7,"1":6},"b":{"0":[1,5]},"inputSourceMap":{"version":3,"sources":["validateMiddleware.js"],"names":["module","exports","validator","req","res","next","body","error","status","send","details","message"],"mappings":";;AAAA;AACAA,MAAM,CAACC,OAAP,GAAiB,UAACC,SAAD,EAAe;AAC5B,SAAO,UAACC,GAAD,EAAMC,GAAN,EAAWC,IAAX,EAAoB;AACzB,qBAAkBH,SAAS,CAACC,GAAG,CAACG,IAAL,CAA3B;AAAA,QAAQC,KAAR,cAAQA,KAAR;;AACA,QAAIA,KAAJ,EAAW;AACT,aAAOH,GAAG,CAACI,MAAJ,CAAW,GAAX,EAAgBC,IAAhB,CAAqBF,KAAK,CAACG,OAAN,CAAc,CAAd,EAAiBC,OAAtC,CAAP;AACD;;AACDN,IAAAA,IAAI;AACL,GAND;AAOD,CARH","sourceRoot":"/home/alexaxel/Desktop/MY_ATLP/My_Brand/server/src/middlewares/","sourcesContent":["// validateMiddleware\nmodule.exports = (validator) => {\n    return (req, res, next) => {\n      const { error } = validator(req.body)\n      if (error) {\n        return res.status(400).send(error.details[0].message)\n      }\n      next()\n    }\n  }"]},"_coverageSchema":"1a1c01bbd47fc00a2c39e90264f33305004495a9","hash":"311afcc0231116ca6ad2a9a8705f14ad1bca37fa","contentHash":"98a4c40c033feb928083fdff8156de075e66e8903c8e50ee9e376a5887e36d4c"},"/home/alexaxel/Desktop/MY_ATLP/My_Brand/server/src/routes/article.js":{"path":"/home/alexaxel/Desktop/MY_ATLP/My_Brand/server/src/routes/article.js","statementMap":{"0":{"start":{"line":3,"column":19},"end":{"line":3,"column":56}},"1":{"start":{"line":5,"column":26},"end":{"line":5,"column":94}},"2":{"start":{"line":7,"column":39},"end":{"line":7,"column":95}},"3":{"start":{"line":9,"column":77},"end":{"line":9,"column":175}},"4":{"start":{"line":9,"column":94},"end":{"line":9,"column":107}},"5":{"start":{"line":9,"column":121},"end":{"line":9,"column":131}},"6":{"start":{"line":9,"column":151},"end":{"line":9,"column":165}},"7":{"start":{"line":9,"column":166},"end":{"line":9,"column":173}},"8":{"start":{"line":9,"column":176},"end":{"line":9,"column":263}},"9":{"start":{"line":9,"column":193},"end":{"line":9,"column":208}},"10":{"start":{"line":9,"column":218},"end":{"line":9,"column":261}},"11":{"start":{"line":11,"column":33},"end":{"line":11,"column":387}},"12":{"start":{"line":11,"column":65},"end":{"line":11,"column":69}},"13":{"start":{"line":11,"column":78},"end":{"line":11,"column":87}},"14":{"start":{"line":11,"column":89},"end":{"line":11,"column":384}},"15":{"start":{"line":11,"column":147},"end":{"line":11,"column":167}},"16":{"start":{"line":11,"column":193},"end":{"line":11,"column":264}},"17":{"start":{"line":11,"column":290},"end":{"line":11,"column":360}},"18":{"start":{"line":11,"column":363},"end":{"line":11,"column":380}},"19":{"start":{"line":13,"column":14},"end":{"line":13,"column":32}},"20":{"start":{"line":15,"column":15},"end":{"line":15,"column":43}},"21":{"start":{"line":16,"column":22},"end":{"line":16,"column":46}},"22":{"start":{"line":17,"column":14},"end":{"line":17,"column":30}},"23":{"start":{"line":19,"column":13},"end":{"line":19,"column":29}},"24":{"start":{"line":21,"column":25},"end":{"line":21,"column":69}},"25":{"start":{"line":61,"column":0},"end":{"line":96,"column":5}},"26":{"start":{"line":62,"column":13},"end":{"line":91,"column":5}},"27":{"start":{"line":64,"column":4},"end":{"line":90,"column":32}},"28":{"start":{"line":65,"column":6},"end":{"line":89,"column":7}},"29":{"start":{"line":66,"column":8},"end":{"line":88,"column":9}},"30":{"start":{"line":68,"column":12},"end":{"line":68,"column":30}},"31":{"start":{"line":69,"column":12},"end":{"line":69,"column":30}},"32":{"start":{"line":70,"column":12},"end":{"line":70,"column":36}},"33":{"start":{"line":73,"column":12},"end":{"line":73,"column":37}},"34":{"start":{"line":74,"column":12},"end":{"line":74,"column":43}},"35":{"start":{"line":75,"column":12},"end":{"line":75,"column":31}},"36":{"start":{"line":76,"column":12},"end":{"line":76,"column":18}},"37":{"start":{"line":79,"column":12},"end":{"line":79,"column":30}},"38":{"start":{"line":80,"column":12},"end":{"line":80,"column":47}},"39":{"start":{"line":81,"column":12},"end":{"line":83,"column":15}},"40":{"start":{"line":87,"column":12},"end":{"line":87,"column":35}},"41":{"start":{"line":93,"column":2},"end":{"line":95,"column":4}},"42":{"start":{"line":94,"column":4},"end":{"line":94,"column":39}},"43":{"start":{"line":122,"column":0},"end":{"line":167,"column":5}},"44":{"start":{"line":123,"column":14},"end":{"line":162,"column":5}},"45":{"start":{"line":125,"column":4},"end":{"line":161,"column":33}},"46":{"start":{"line":126,"column":6},"end":{"line":160,"column":7}},"47":{"start":{"line":127,"column":8},"end":{"line":159,"column":9}},"48":{"start":{"line":129,"column":12},"end":{"line":129,"column":31}},"49":{"start":{"line":130,"column":12},"end":{"line":130,"column":31}},"50":{"start":{"line":131,"column":12},"end":{"line":133,"column":15}},"51":{"start":{"line":136,"column":12},"end":{"line":136,"column":37}},"52":{"start":{"line":138,"column":12},"end":{"line":144,"column":13}},"53":{"start":{"line":139,"column":14},"end":{"line":139,"column":44}},"54":{"start":{"line":141,"column":14},"end":{"line":143,"column":17}},"55":{"start":{"line":146,"column":12},"end":{"line":146,"column":32}},"56":{"start":{"line":147,"column":12},"end":{"line":147,"column":18}},"57":{"start":{"line":150,"column":12},"end":{"line":150,"column":31}},"58":{"start":{"line":151,"column":12},"end":{"line":151,"column":49}},"59":{"start":{"line":152,"column":12},"end":{"line":154,"column":15}},"60":{"start":{"line":158,"column":12},"end":{"line":158,"column":36}},"61":{"start":{"line":164,"column":2},"end":{"line":166,"column":4}},"62":{"start":{"line":165,"column":4},"end":{"line":165,"column":40}},"63":{"start":{"line":195,"column":0},"end":{"line":241,"column":5}},"64":{"start":{"line":196,"column":14},"end":{"line":236,"column":5}},"65":{"start":{"line":198,"column":4},"end":{"line":235,"column":33}},"66":{"start":{"line":199,"column":6},"end":{"line":234,"column":7}},"67":{"start":{"line":200,"column":8},"end":{"line":233,"column":9}},"68":{"start":{"line":202,"column":12},"end":{"line":202,"column":31}},"69":{"start":{"line":203,"column":12},"end":{"line":203,"column":31}},"70":{"start":{"line":204,"column":12},"end":{"line":209,"column":15}},"71":{"start":{"line":212,"column":12},"end":{"line":212,"column":40}},"72":{"start":{"line":213,"column":12},"end":{"line":213,"column":31}},"73":{"start":{"line":214,"column":12},"end":{"line":214,"column":37}},"74":{"start":{"line":217,"column":12},"end":{"line":219,"column":15}},"75":{"start":{"line":220,"column":12},"end":{"line":220,"column":32}},"76":{"start":{"line":221,"column":12},"end":{"line":221,"column":18}},"77":{"start":{"line":224,"column":12},"end":{"line":224,"column":31}},"78":{"start":{"line":225,"column":12},"end":{"line":225,"column":49}},"79":{"start":{"line":226,"column":12},"end":{"line":228,"column":15}},"80":{"start":{"line":232,"column":12},"end":{"line":232,"column":36}},"81":{"start":{"line":238,"column":2},"end":{"line":240,"column":4}},"82":{"start":{"line":239,"column":4},"end":{"line":239,"column":40}},"83":{"start":{"line":267,"column":0},"end":{"line":327,"column":5}},"84":{"start":{"line":268,"column":14},"end":{"line":322,"column":5}},"85":{"start":{"line":270,"column":4},"end":{"line":321,"column":34}},"86":{"start":{"line":271,"column":6},"end":{"line":320,"column":7}},"87":{"start":{"line":272,"column":8},"end":{"line":319,"column":9}},"88":{"start":{"line":274,"column":12},"end":{"line":274,"column":31}},"89":{"start":{"line":275,"column":12},"end":{"line":275,"column":31}},"90":{"start":{"line":276,"column":12},"end":{"line":278,"column":15}},"91":{"start":{"line":281,"column":12},"end":{"line":281,"column":41}},"92":{"start":{"line":283,"column":12},"end":{"line":286,"column":13}},"93":{"start":{"line":284,"column":14},"end":{"line":284,"column":34}},"94":{"start":{"line":285,"column":14},"end":{"line":285,"column":20}},"95":{"start":{"line":288,"column":12},"end":{"line":288,"column":31}},"96":{"start":{"line":289,"column":12},"end":{"line":291,"column":15}},"97":{"start":{"line":294,"column":12},"end":{"line":296,"column":15}},"98":{"start":{"line":297,"column":12},"end":{"line":297,"column":32}},"99":{"start":{"line":298,"column":12},"end":{"line":298,"column":18}},"100":{"start":{"line":301,"column":12},"end":{"line":303,"column":15}},"101":{"start":{"line":306,"column":12},"end":{"line":306,"column":32}},"102":{"start":{"line":307,"column":12},"end":{"line":307,"column":18}},"103":{"start":{"line":310,"column":12},"end":{"line":310,"column":32}},"104":{"start":{"line":311,"column":12},"end":{"line":311,"column":49}},"105":{"start":{"line":312,"column":12},"end":{"line":314,"column":15}},"106":{"start":{"line":318,"column":12},"end":{"line":318,"column":36}},"107":{"start":{"line":324,"column":2},"end":{"line":326,"column":4}},"108":{"start":{"line":325,"column":4},"end":{"line":325,"column":40}},"109":{"start":{"line":328,"column":0},"end":{"line":404,"column":5}},"110":{"start":{"line":329,"column":14},"end":{"line":399,"column":5}},"111":{"start":{"line":331,"column":4},"end":{"line":398,"column":34}},"112":{"start":{"line":332,"column":6},"end":{"line":397,"column":7}},"113":{"start":{"line":333,"column":8},"end":{"line":396,"column":9}},"114":{"start":{"line":335,"column":12},"end":{"line":335,"column":31}},"115":{"start":{"line":336,"column":12},"end":{"line":336,"column":31}},"116":{"start":{"line":337,"column":12},"end":{"line":339,"column":15}},"117":{"start":{"line":342,"column":12},"end":{"line":342,"column":41}},"118":{"start":{"line":344,"column":12},"end":{"line":347,"column":13}},"119":{"start":{"line":345,"column":14},"end":{"line":345,"column":34}},"120":{"start":{"line":346,"column":14},"end":{"line":346,"column":20}},"121":{"start":{"line":349,"column":12},"end":{"line":349,"column":31}},"122":{"start":{"line":350,"column":12},"end":{"line":352,"column":15}},"123":{"start":{"line":355,"column":12},"end":{"line":355,"column":37}},"124":{"start":{"line":357,"column":12},"end":{"line":359,"column":13}},"125":{"start":{"line":358,"column":14},"end":{"line":358,"column":49}},"126":{"start":{"line":361,"column":12},"end":{"line":363,"column":13}},"127":{"start":{"line":362,"column":14},"end":{"line":362,"column":49}},"128":{"start":{"line":365,"column":12},"end":{"line":367,"column":13}},"129":{"start":{"line":366,"column":14},"end":{"line":366,"column":45}},"130":{"start":{"line":369,"column":12},"end":{"line":369,"column":32}},"131":{"start":{"line":370,"column":12},"end":{"line":370,"column":34}},"132":{"start":{"line":373,"column":12},"end":{"line":373,"column":42}},"133":{"start":{"line":374,"column":12},"end":{"line":374,"column":32}},"134":{"start":{"line":375,"column":12},"end":{"line":375,"column":18}},"135":{"start":{"line":378,"column":12},"end":{"line":380,"column":15}},"136":{"start":{"line":383,"column":12},"end":{"line":383,"column":32}},"137":{"start":{"line":384,"column":12},"end":{"line":384,"column":18}},"138":{"start":{"line":387,"column":12},"end":{"line":387,"column":32}},"139":{"start":{"line":388,"column":12},"end":{"line":388,"column":49}},"140":{"start":{"line":389,"column":12},"end":{"line":391,"column":15}},"141":{"start":{"line":395,"column":12},"end":{"line":395,"column":36}},"142":{"start":{"line":401,"column":2},"end":{"line":403,"column":4}},"143":{"start":{"line":402,"column":4},"end":{"line":402,"column":40}},"144":{"start":{"line":405,"column":0},"end":{"line":405,"column":24}}},"fnMap":{"0":{"name":"_interopRequireDefault","decl":{"start":{"line":7,"column":9},"end":{"line":7,"column":31}},"loc":{"start":{"line":7,"column":37},"end":{"line":7,"column":97}},"line":7},"1":{"name":"asyncGeneratorStep","decl":{"start":{"line":9,"column":9},"end":{"line":9,"column":27}},"loc":{"start":{"line":9,"column":75},"end":{"line":9,"column":265}},"line":9},"2":{"name":"_asyncToGenerator","decl":{"start":{"line":11,"column":9},"end":{"line":11,"column":26}},"loc":{"start":{"line":11,"column":31},"end":{"line":11,"column":389}},"line":11},"3":{"name":"(anonymous_3)","decl":{"start":{"line":11,"column":40},"end":{"line":11,"column":41}},"loc":{"start":{"line":11,"column":52},"end":{"line":11,"column":386}},"line":11},"4":{"name":"(anonymous_4)","decl":{"start":{"line":11,"column":108},"end":{"line":11,"column":109}},"loc":{"start":{"line":11,"column":135},"end":{"line":11,"column":382}},"line":11},"5":{"name":"_next","decl":{"start":{"line":11,"column":178},"end":{"line":11,"column":183}},"loc":{"start":{"line":11,"column":191},"end":{"line":11,"column":266}},"line":11},"6":{"name":"_throw","decl":{"start":{"line":11,"column":276},"end":{"line":11,"column":282}},"loc":{"start":{"line":11,"column":288},"end":{"line":11,"column":362}},"line":11},"7":{"name":"(anonymous_7)","decl":{"start":{"line":61,"column":29},"end":{"line":61,"column":30}},"loc":{"start":{"line":61,"column":41},"end":{"line":96,"column":1}},"line":61},"8":{"name":"_callee","decl":{"start":{"line":62,"column":78},"end":{"line":62,"column":85}},"loc":{"start":{"line":62,"column":96},"end":{"line":91,"column":3}},"line":62},"9":{"name":"_callee$","decl":{"start":{"line":64,"column":44},"end":{"line":64,"column":52}},"loc":{"start":{"line":64,"column":63},"end":{"line":90,"column":5}},"line":64},"10":{"name":"(anonymous_10)","decl":{"start":{"line":93,"column":9},"end":{"line":93,"column":10}},"loc":{"start":{"line":93,"column":28},"end":{"line":95,"column":3}},"line":93},"11":{"name":"(anonymous_11)","decl":{"start":{"line":122,"column":32},"end":{"line":122,"column":33}},"loc":{"start":{"line":122,"column":44},"end":{"line":167,"column":1}},"line":122},"12":{"name":"_callee2","decl":{"start":{"line":123,"column":79},"end":{"line":123,"column":87}},"loc":{"start":{"line":123,"column":98},"end":{"line":162,"column":3}},"line":123},"13":{"name":"_callee2$","decl":{"start":{"line":125,"column":44},"end":{"line":125,"column":53}},"loc":{"start":{"line":125,"column":65},"end":{"line":161,"column":5}},"line":125},"14":{"name":"(anonymous_14)","decl":{"start":{"line":164,"column":9},"end":{"line":164,"column":10}},"loc":{"start":{"line":164,"column":29},"end":{"line":166,"column":3}},"line":164},"15":{"name":"(anonymous_15)","decl":{"start":{"line":195,"column":110},"end":{"line":195,"column":111}},"loc":{"start":{"line":195,"column":122},"end":{"line":241,"column":1}},"line":195},"16":{"name":"_callee3","decl":{"start":{"line":196,"column":79},"end":{"line":196,"column":87}},"loc":{"start":{"line":196,"column":98},"end":{"line":236,"column":3}},"line":196},"17":{"name":"_callee3$","decl":{"start":{"line":198,"column":44},"end":{"line":198,"column":53}},"loc":{"start":{"line":198,"column":65},"end":{"line":235,"column":5}},"line":198},"18":{"name":"(anonymous_18)","decl":{"start":{"line":238,"column":9},"end":{"line":238,"column":10}},"loc":{"start":{"line":238,"column":29},"end":{"line":240,"column":3}},"line":238},"19":{"name":"(anonymous_19)","decl":{"start":{"line":267,"column":64},"end":{"line":267,"column":65}},"loc":{"start":{"line":267,"column":76},"end":{"line":327,"column":1}},"line":267},"20":{"name":"_callee4","decl":{"start":{"line":268,"column":79},"end":{"line":268,"column":87}},"loc":{"start":{"line":268,"column":98},"end":{"line":322,"column":3}},"line":268},"21":{"name":"_callee4$","decl":{"start":{"line":270,"column":44},"end":{"line":270,"column":53}},"loc":{"start":{"line":270,"column":65},"end":{"line":321,"column":5}},"line":270},"22":{"name":"(anonymous_22)","decl":{"start":{"line":324,"column":9},"end":{"line":324,"column":10}},"loc":{"start":{"line":324,"column":29},"end":{"line":326,"column":3}},"line":324},"23":{"name":"(anonymous_23)","decl":{"start":{"line":328,"column":58},"end":{"line":328,"column":59}},"loc":{"start":{"line":328,"column":70},"end":{"line":404,"column":1}},"line":328},"24":{"name":"_callee5","decl":{"start":{"line":329,"column":79},"end":{"line":329,"column":87}},"loc":{"start":{"line":329,"column":98},"end":{"line":399,"column":3}},"line":329},"25":{"name":"_callee5$","decl":{"start":{"line":331,"column":44},"end":{"line":331,"column":53}},"loc":{"start":{"line":331,"column":65},"end":{"line":398,"column":5}},"line":331},"26":{"name":"(anonymous_26)","decl":{"start":{"line":401,"column":9},"end":{"line":401,"column":10}},"loc":{"start":{"line":401,"column":30},"end":{"line":403,"column":3}},"line":401}},"branchMap":{"0":{"loc":{"start":{"line":7,"column":46},"end":{"line":7,"column":94}},"type":"cond-expr","locations":[{"start":{"line":7,"column":70},"end":{"line":7,"column":73}},{"start":{"line":7,"column":76},"end":{"line":7,"column":94}}],"line":7},"1":{"loc":{"start":{"line":7,"column":46},"end":{"line":7,"column":67}},"type":"binary-expr","locations":[{"start":{"line":7,"column":46},"end":{"line":7,"column":49}},{"start":{"line":7,"column":53},"end":{"line":7,"column":67}}],"line":7},"2":{"loc":{"start":{"line":9,"column":176},"end":{"line":9,"column":263}},"type":"if","locations":[{"start":{"line":9,"column":176},"end":{"line":9,"column":263}},{"start":{"line":9,"column":176},"end":{"line":9,"column":263}}],"line":9},"3":{"loc":{"start":{"line":66,"column":8},"end":{"line":88,"column":9}},"type":"switch","locations":[{"start":{"line":67,"column":10},"end":{"line":70,"column":36}},{"start":{"line":72,"column":10},"end":{"line":76,"column":18}},{"start":{"line":78,"column":10},"end":{"line":83,"column":15}},{"start":{"line":85,"column":10},"end":{"line":85,"column":18}},{"start":{"line":86,"column":10},"end":{"line":87,"column":35}}],"line":66},"4":{"loc":{"start":{"line":127,"column":8},"end":{"line":159,"column":9}},"type":"switch","locations":[{"start":{"line":128,"column":10},"end":{"line":133,"column":15}},{"start":{"line":135,"column":10},"end":{"line":147,"column":18}},{"start":{"line":149,"column":10},"end":{"line":154,"column":15}},{"start":{"line":156,"column":10},"end":{"line":156,"column":18}},{"start":{"line":157,"column":10},"end":{"line":158,"column":36}}],"line":127},"5":{"loc":{"start":{"line":138,"column":12},"end":{"line":144,"column":13}},"type":"if","locations":[{"start":{"line":138,"column":12},"end":{"line":144,"column":13}},{"start":{"line":138,"column":12},"end":{"line":144,"column":13}}],"line":138},"6":{"loc":{"start":{"line":200,"column":8},"end":{"line":233,"column":9}},"type":"switch","locations":[{"start":{"line":201,"column":10},"end":{"line":209,"column":15}},{"start":{"line":211,"column":10},"end":{"line":214,"column":37}},{"start":{"line":216,"column":10},"end":{"line":221,"column":18}},{"start":{"line":223,"column":10},"end":{"line":228,"column":15}},{"start":{"line":230,"column":10},"end":{"line":230,"column":18}},{"start":{"line":231,"column":10},"end":{"line":232,"column":36}}],"line":200},"7":{"loc":{"start":{"line":272,"column":8},"end":{"line":319,"column":9}},"type":"switch","locations":[{"start":{"line":273,"column":10},"end":{"line":278,"column":15}},{"start":{"line":280,"column":10},"end":{"line":291,"column":15}},{"start":{"line":293,"column":10},"end":{"line":298,"column":18}},{"start":{"line":300,"column":10},"end":{"line":303,"column":15}},{"start":{"line":305,"column":10},"end":{"line":307,"column":18}},{"start":{"line":309,"column":10},"end":{"line":314,"column":15}},{"start":{"line":316,"column":10},"end":{"line":316,"column":18}},{"start":{"line":317,"column":10},"end":{"line":318,"column":36}}],"line":272},"8":{"loc":{"start":{"line":283,"column":12},"end":{"line":286,"column":13}},"type":"if","locations":[{"start":{"line":283,"column":12},"end":{"line":286,"column":13}},{"start":{"line":283,"column":12},"end":{"line":286,"column":13}}],"line":283},"9":{"loc":{"start":{"line":333,"column":8},"end":{"line":396,"column":9}},"type":"switch","locations":[{"start":{"line":334,"column":10},"end":{"line":339,"column":15}},{"start":{"line":341,"column":10},"end":{"line":352,"column":15}},{"start":{"line":354,"column":10},"end":{"line":370,"column":34}},{"start":{"line":372,"column":10},"end":{"line":375,"column":18}},{"start":{"line":377,"column":10},"end":{"line":380,"column":15}},{"start":{"line":382,"column":10},"end":{"line":384,"column":18}},{"start":{"line":386,"column":10},"end":{"line":391,"column":15}},{"start":{"line":393,"column":10},"end":{"line":393,"column":18}},{"start":{"line":394,"column":10},"end":{"line":395,"column":36}}],"line":333},"10":{"loc":{"start":{"line":344,"column":12},"end":{"line":347,"column":13}},"type":"if","locations":[{"start":{"line":344,"column":12},"end":{"line":347,"column":13}},{"start":{"line":344,"column":12},"end":{"line":347,"column":13}}],"line":344},"11":{"loc":{"start":{"line":357,"column":12},"end":{"line":359,"column":13}},"type":"if","locations":[{"start":{"line":357,"column":12},"end":{"line":359,"column":13}},{"start":{"line":357,"column":12},"end":{"line":359,"column":13}}],"line":357},"12":{"loc":{"start":{"line":361,"column":12},"end":{"line":363,"column":13}},"type":"if","locations":[{"start":{"line":361,"column":12},"end":{"line":363,"column":13}},{"start":{"line":361,"column":12},"end":{"line":363,"column":13}}],"line":361},"13":{"loc":{"start":{"line":365,"column":12},"end":{"line":367,"column":13}},"type":"if","locations":[{"start":{"line":365,"column":12},"end":{"line":367,"column":13}},{"start":{"line":365,"column":12},"end":{"line":367,"column":13}}],"line":365}},"s":{"0":1,"1":1,"2":1,"3":7,"4":7,"5":7,"6":0,"7":0,"8":7,"9":3,"10":4,"11":5,"12":3,"13":3,"14":3,"15":3,"16":7,"17":0,"18":3,"19":1,"20":1,"21":1,"22":1,"23":1,"24":1,"25":1,"26":1,"27":1,"28":2,"29":3,"30":1,"31":1,"32":1,"33":1,"34":1,"35":1,"36":1,"37":0,"38":0,"39":0,"40":1,"41":1,"42":1,"43":1,"44":1,"45":1,"46":2,"47":3,"48":1,"49":1,"50":1,"51":1,"52":1,"53":1,"54":0,"55":1,"56":1,"57":0,"58":0,"59":0,"60":1,"61":1,"62":1,"63":1,"64":1,"65":1,"66":3,"67":4,"68":1,"69":1,"70":1,"71":1,"72":1,"73":1,"74":1,"75":1,"76":1,"77":0,"78":0,"79":0,"80":1,"81":1,"82":1,"83":1,"84":1,"85":0,"86":0,"87":0,"88":0,"89":0,"90":0,"91":0,"92":0,"93":0,"94":0,"95":0,"96":0,"97":0,"98":0,"99":0,"100":0,"101":0,"102":0,"103":0,"104":0,"105":0,"106":0,"107":1,"108":0,"109":1,"110":1,"111":0,"112":0,"113":0,"114":0,"115":0,"116":0,"117":0,"118":0,"119":0,"120":0,"121":0,"122":0,"123":0,"124":0,"125":0,"126":0,"127":0,"128":0,"129":0,"130":0,"131":0,"132":0,"133":0,"134":0,"135":0,"136":0,"137":0,"138":0,"139":0,"140":0,"141":0,"142":1,"143":0,"144":1},"f":{"0":1,"1":7,"2":5,"3":3,"4":3,"5":7,"6":0,"7":1,"8":1,"9":2,"10":1,"11":1,"12":1,"13":2,"14":1,"15":1,"16":1,"17":3,"18":1,"19":1,"20":0,"21":0,"22":0,"23":1,"24":0,"25":0,"26":0},"b":{"0":[0,1],"1":[1,1],"2":[3,4],"3":[1,1,0,1,1],"4":[1,1,0,1,1],"5":[1,0],"6":[1,1,1,0,1,1],"7":[0,0,0,0,0,0,0,0],"8":[0,0],"9":[0,0,0,0,0,0,0,0,0],"10":[0,0],"11":[0,0],"12":[0,0],"13":[0,0]},"inputSourceMap":{"version":3,"sources":["article.js"],"names":["express","require","validateArticle","Article","router","Router","validateMiddleWare","get","req","res","find","articles","status","send","error","findOne","_id","params","id","article","post","verifyToken","heading","body","content","userId","user","image","newArticle","save","Message","articleUser","deleteOne","put","module","exports"],"mappings":";;AAKA;;AACA;;;;;;;;AANA,IAAMA,OAAO,GAAGC,OAAO,CAAC,SAAD,CAAvB;;AACA,eAAqCA,OAAO,CAAC,mBAAD,CAA5C;AAAA,IAAQC,eAAR,YAAQA,eAAR;AAAA,IAAyBC,OAAzB,YAAyBA,OAAzB;;AACA,IAAMC,MAAM,GAAGJ,OAAO,CAACK,MAAR,EAAf;;AACA,IAAMC,kBAAkB,GAAGL,OAAO,CAAC,mCAAD,CAAlC;;AAKA;AACA;AACA;AACA;AACA;AACA;AACA;AACA;AACA;AACA;AACA;AACA;AACA;AACA;AACA;AACA;AACA;AACA;AACA;AACA;AACA;AACA;AACA;AACA;AACA;AACA;AACA;AACA;AACA;AACA;AACA;AACA;AACA;AACA;AACA;AACA;AACA;AACA;AAEAG,MAAM,CAACG,GAAP,CAAW,GAAX;AAAA,qEAAgB,iBAAOC,GAAP,EAAYC,GAAZ;AAAA;AAAA;AAAA;AAAA;AAAA;AAAA;AAAA;AAAA,mBAEWN,OAAO,CAACO,IAAR,CAAa,EAAb,CAFX;;AAAA;AAENC,YAAAA,QAFM;AAGZF,YAAAA,GAAG,CAACG,MAAJ,CAAW,GAAX,EAAgBC,IAAhB,CAAqBF,QAArB;AAHY;AAAA;;AAAA;AAAA;AAAA;AAKZF,YAAAA,GAAG,CAACG,MAAJ,CAAW,GAAX,EAAgBC,IAAhB,CAAqB;AAAEC,cAAAA,KAAK,EAAE;AAAT,aAArB;;AALY;AAAA;AAAA;AAAA;AAAA;AAAA;AAAA,GAAhB;;AAAA;AAAA;AAAA;AAAA;AASA;AACA;AACA;AACA;AACA;AACA;AACA;AACA;AACA;AACA;AACA;AACA;AACA;AACA;AACA;AACA;AACA;AACA;AACA;AACA;AACA;AACA;AACA;AACA;;AAEAV,MAAM,CAACG,GAAP,CAAW,MAAX;AAAA,sEAAmB,kBAAOC,GAAP,EAAYC,GAAZ;AAAA;AAAA;AAAA;AAAA;AAAA;AAAA;AAAA;AAAA,mBAEON,OAAO,CAACY,OAAR,CAAgB;AAAEC,cAAAA,GAAG,EAAER,GAAG,CAACS,MAAJ,CAAWC;AAAlB,aAAhB,CAFP;;AAAA;AAETC,YAAAA,OAFS;;AAGf,gBAAIA,OAAJ,EAAa;AACXV,cAAAA,GAAG,CAACG,MAAJ,CAAW,GAAX,EAAgBC,IAAhB,CAAqBM,OAArB;AACD,aAFD,MAEO;AACLV,cAAAA,GAAG,CAACG,MAAJ,CAAW,GAAX,EAAgBC,IAAhB,CAAqB;AAAEC,gBAAAA,KAAK,EAAE;AAAT,eAArB;AACD;;AAPc;AAAA;;AAAA;AAAA;AAAA;AASfL,YAAAA,GAAG,CAACG,MAAJ,CAAW,GAAX,EAAgBC,IAAhB,CAAqB;AAAEC,cAAAA,KAAK,EAAE;AAAT,aAArB,EATe,CAUf;;AAVe;AAAA;AAAA;AAAA;AAAA;AAAA;AAAA,GAAnB;;AAAA;AAAA;AAAA;AAAA;AAcA;AACA;AACA;AACA;AACA;AACA;AACA;AACA;AACA;AACA;AACA;AACA;AACA;AACA;AACA;AACA;AACA;AACA;AACA;AACA;AACA;AACA;AACA;AACA;AACA;AACA;;AAEAV,MAAM,CAACgB,IAAP,CACE,GADF,EAEEC,wBAFF,EAGE,oCAAmBnB,eAAnB,CAHF;AAAA,sEAIE,kBAAOM,GAAP,EAAYC,GAAZ;AAAA;AAAA;AAAA;AAAA;AAAA;AAAA;AAAA;AAAA,mBAG6B,IAAIN,OAAJ,CAAY;AACnCmB,cAAAA,OAAO,EAAEd,GAAG,CAACe,IAAJ,CAASD,OADiB;AAEnCE,cAAAA,OAAO,EAAEhB,GAAG,CAACe,IAAJ,CAASC,OAFiB;AAGnCC,cAAAA,MAAM,EAAEjB,GAAG,CAACkB,IAAJ,CAAS,IAAT,CAH2B;AAInCC,cAAAA,KAAK,EAAEnB,GAAG,CAACe,IAAJ,CAASI;AAJmB,aAAZ,CAH7B;;AAAA;AAGUC,YAAAA,UAHV;AAAA;AAAA,mBAUUA,UAAU,CAACC,IAAX,EAVV;;AAAA;AAYIpB,YAAAA,GAAG,CAACG,MAAJ,CAAW,GAAX,EAAgBC,IAAhB,CAAqB;AAAEiB,cAAAA,OAAO,EAAE;AAAX,aAArB;AAZJ;AAAA;;AAAA;AAAA;AAAA;AAcIrB,YAAAA,GAAG,CACAG,MADH,CACU,GADV,EAEGC,IAFH,CAEQ;AAAEC,cAAAA,KAAK,EAAE;AAAT,aAFR,EAdJ,CAiBI;;AAjBJ;AAAA;AAAA;AAAA;AAAA;AAAA;AAAA,GAJF;;AAAA;AAAA;AAAA;AAAA;AA0BA;AACA;AACA;AACA;AACA;AACA;AACA;AACA;AACA;AACA;AACA;AACA;AACA;AACA;AACA;AACA;AACA;AACA;AACA;AACA;AACA;AACA;AACA;AACA;;AAEAV,MAAM,UAAN,CAAc,MAAd,EAAsBiB,wBAAtB;AAAA,sEAAmC,kBAAOb,GAAP,EAAYC,GAAZ;AAAA;AAAA;AAAA;AAAA;AAAA;AAAA;AAAA;AAAA,mBAEPN,OAAO,CAACY,OAAR,CAAgB;AAAEC,cAAAA,GAAG,EAAER,GAAG,CAACS,MAAJ,CAAWC;AAAlB,aAAhB,CAFO;;AAAA;AAE3Ba,YAAAA,WAF2B;;AAAA,kBAG3BvB,GAAG,CAACkB,IAAJ,CAAS,IAAT,KAAkBK,WAAW,CAAC,QAAD,CAHF;AAAA;AAAA;AAAA;;AAAA;AAAA,mBAIvB5B,OAAO,CAAC6B,SAAR,CAAkB;AAAEhB,cAAAA,GAAG,EAAER,GAAG,CAACS,MAAJ,CAAWC;AAAlB,aAAlB,CAJuB;;AAAA;AAK7BT,YAAAA,GAAG,CAACG,MAAJ,CAAW,GAAX,EAAgBC,IAAhB,CAAqB;AAAEiB,cAAAA,OAAO,EAAE;AAAX,aAArB;AAL6B;AAAA;;AAAA;AAO7BrB,YAAAA,GAAG,CACAG,MADH,CACU,GADV,EAEGC,IAFH,CAEQ;AAAEiB,cAAAA,OAAO,EAAE;AAAX,aAFR;;AAP6B;AAAA;AAAA;;AAAA;AAAA;AAAA;AAY/BrB,YAAAA,GAAG,CAACG,MAAJ,CAAW,GAAX,EAAgBC,IAAhB,CAAqB;AAAEC,cAAAA,KAAK,EAAE;AAAT,aAArB;;AAZ+B;AAAA;AAAA;AAAA;AAAA;AAAA;AAAA,GAAnC;;AAAA;AAAA;AAAA;AAAA;AAgBAV,MAAM,CAAC6B,GAAP,CAAW,MAAX,EAAmBZ,wBAAnB;AAAA,sEAAgC,kBAAOb,GAAP,EAAYC,GAAZ;AAAA;AAAA;AAAA;AAAA;AAAA;AAAA;AAAA;AAAA,mBAEJN,OAAO,CAACY,OAAR,CAAgB;AAAEC,cAAAA,GAAG,EAAER,GAAG,CAACS,MAAJ,CAAWC;AAAlB,aAAhB,CAFI;;AAAA;AAExBa,YAAAA,WAFwB;;AAAA,kBAGxBvB,GAAG,CAACkB,IAAJ,CAAS,IAAT,KAAkBK,WAAW,CAAC,QAAD,CAHL;AAAA;AAAA;AAAA;;AAAA;AAAA,mBAIJ5B,OAAO,CAACY,OAAR,CAAgB;AAAEC,cAAAA,GAAG,EAAER,GAAG,CAACS,MAAJ,CAAWC;AAAlB,aAAhB,CAJI;;AAAA;AAIpBC,YAAAA,OAJoB;;AAM1B,gBAAIX,GAAG,CAACe,IAAJ,CAASD,OAAb,EAAsB;AACpBH,cAAAA,OAAO,CAACG,OAAR,GAAkBd,GAAG,CAACe,IAAJ,CAASD,OAA3B;AACD;;AAED,gBAAId,GAAG,CAACe,IAAJ,CAASC,OAAb,EAAsB;AACpBL,cAAAA,OAAO,CAACK,OAAR,GAAkBhB,GAAG,CAACe,IAAJ,CAASC,OAA3B;AACD;;AACD,gBAAIhB,GAAG,CAACe,IAAJ,CAASI,KAAb,EAAoB;AAClBR,cAAAA,OAAO,CAACQ,KAAR,GAAgBnB,GAAG,CAACe,IAAJ,CAASI,KAAzB;AACD;;AAfyB;AAAA,mBAgBpBR,OAAO,CAACU,IAAR,EAhBoB;;AAAA;AAiB1BpB,YAAAA,GAAG,CAACG,MAAJ,CAAW,GAAX,EAAgBC,IAAhB,CAAqBM,OAArB;AAjB0B;AAAA;;AAAA;AAmB1BV,YAAAA,GAAG,CACAG,MADH,CACU,GADV,EAEGC,IAFH,CAEQ;AAAEiB,cAAAA,OAAO,EAAE;AAAX,aAFR;;AAnB0B;AAAA;AAAA;;AAAA;AAAA;AAAA;AAwB5BrB,YAAAA,GAAG,CAACG,MAAJ,CAAW,GAAX,EAAgBC,IAAhB,CAAqB;AAAEC,cAAAA,KAAK,EAAE;AAAT,aAArB,EAxB4B,CAyB5B;;AAzB4B;AAAA;AAAA;AAAA;AAAA;AAAA;AAAA,GAAhC;;AAAA;AAAA;AAAA;AAAA;AA6BAoB,MAAM,CAACC,OAAP,GAAiB/B,MAAjB","sourceRoot":"/home/alexaxel/Desktop/MY_ATLP/My_Brand/server/src/routes/","sourcesContent":["const express = require(\"express\");\nconst { validateArticle, Article } = require(\"../models/Article\");\nconst router = express.Router();\nconst validateMiddleWare = require(\"../middlewares/validateMiddleware\");\n\nimport { verifyToken } from \"../controllers/verifyToken\";\nimport validateMiddleware from \"../middlewares/validateMiddleware\";\n\n/**\n * @swagger\n * security:\n *   bearerAuth: []\n * /article:\n *   get:\n *     summary: GET Articles\n *     tags:\n *       - Articles\n *     responses:\n *       '400':\n *         description: Bad Request\n *       '200':\n *         description: A list of queries.\n *         content:\n *           application/json:\n *             schema:\n *               type: array\n *               items:\n *                 $ref: '#/components/schemas/Article'\n * components:\n *   schemas:\n *     Article:\n *       type: object\n *       properties:\n *         heading:\n *           type: string\n *           description: Title of the article\n *           example: Women in technology number is rising everyday\n *         content:\n *           type: string\n *           description: Details of the article\n *           example: Women used to fear technology field and think that it is only for men, but as time comes, they are realising how capable they are.\n *         image:\n *           type: string\n *           description: The image in the article.\n *           example: women.png\n */\n\nrouter.get(\"/\", async (req, res) => {\n  try {\n    const articles = await Article.find({});\n    res.status(200).send(articles);\n  } catch (error) {\n    res.status(404).send({ error: \"Problem getting articles\" });\n  }\n});\n\n/**\n * @swagger\n * \"/article/{articleId}\":\n *   get:\n *     summary: Find the article by ID\n *     tags:\n *       - Articles\n *     parameters:\n *       - name: articleId\n *         in: path\n *         required: true\n *         schema:\n *           type: string\n *         description: The Id of the article\n *     responses:\n *       \"200\":\n *         description:Operation is successful\n *         content:\n *           application/json:\n *             schema:\n *               $ref: \"#/components/schemas/Article\"\n *       \"404\":\n *         description: Article is not found\n */\n\nrouter.get(\"/:id\", async (req, res) => {\n  try {\n    const article = await Article.findOne({ _id: req.params.id });\n    if (article) {\n      res.status(200).send(article);\n    } else {\n      res.status(404).send({ error: \"Article doesn't exist !\" });\n    }\n  } catch (err) {\n    res.status(404).send({ error: \"Article doesn't exist !\" });\n    // console.log(err)\n  }\n});\n\n/**\n * @swagger\n * /articles:\n *   post:\n *     summary: Add New Article\n *     tags:\n *       - Article\n *     requestBody:\n *       required: true\n *       content:\n *         application/json:\n *             schema:\n *               $ref: '#/components/schemas/Article'\n *     responses:\n *       '400':\n *         description: Bad Request\n *       '201':\n *         description: Query added.\n *         content:\n *           application/json:\n *             schema:\n *               type: object\n *               properties:\n *                 Message:\n *                   type: string\n */\n\nrouter.post(\n  \"/\",\n  verifyToken,\n  validateMiddleware(validateArticle),\n  async (req, res) => {\n    // console.log(req.body)\n    try {\n      const newArticle = await new Article({\n        heading: req.body.heading,\n        content: req.body.content,\n        userId: req.user[\"id\"],\n        image: req.body.image,\n      });\n      // console.log(req.user[\"id\"])\n      await newArticle.save();\n\n      res.status(201).send({ Message: \"New Article Created\" });\n    } catch (error) {\n      res\n        .status(400)\n        .send({ error: \"There was a problem publishing the article\" });\n      //    console.log(error)\n    }\n  }\n);\n\n/**\n * @swagger\n * \"/article/{articleId}\":\n *   delete:\n *     summary: Delete an article according to it's ID\n *     tags:\n *       - Article\n *     parameters:\n *       - name: articleId\n *         in: path\n *         required: true\n *         schema:\n *           type: string\n *         description: The Id of the article\n *     responses:\n *       \"200\":\n *         description: successful operation\n *         content:\n *           application/json:\n *             schema:\n *               $ref: \"#/components/schemas/Article\"\n *       \"404\":\n *         description: Article not found\n */\n\nrouter.delete(\"/:id\", verifyToken, async (req, res) => {\n  try {\n    let articleUser = await Article.findOne({ _id: req.params.id });\n    if (req.user[\"id\"] == articleUser[\"userId\"]) {\n      await Article.deleteOne({ _id: req.params.id });\n      res.status(202).send({ Message: \"Article deleted successfully\" });\n    } else {\n      res\n        .status(401)\n        .send({ Message: \"Not Authorized to perform this operation\" });\n    }\n  } catch {\n    res.status(404).send({ error: \"This article doesn't exist!\" });\n  }\n});\n\nrouter.put(\"/:id\", verifyToken, async (req, res) => {\n  try {\n    let articleUser = await Article.findOne({ _id: req.params.id });\n    if (req.user[\"id\"] == articleUser[\"userId\"]) {\n      const article = await Article.findOne({ _id: req.params.id });\n\n      if (req.body.heading) {\n        article.heading = req.body.heading;\n      }\n\n      if (req.body.content) {\n        article.content = req.body.content;\n      }\n      if (req.body.image) {\n        article.image = req.body.image;\n      }\n      await article.save();\n      res.status(200).send(article);\n    } else {\n      res\n        .status(401)\n        .send({ Message: \"Not Authorized to perform this operation\" });\n    }\n  } catch (err) {\n    res.status(404).send({ error: \"We couldn't find that article \" });\n    // console.log(err);\n  }\n});\n\nmodule.exports = router;\n"]},"_coverageSchema":"1a1c01bbd47fc00a2c39e90264f33305004495a9","hash":"64eb689dfacb27a8ae028b0f359182f8156fdbf9","contentHash":"f15fb83a18b998fe1576944fee5fe0b383558234c0f43fd9ea84fa469a4dd2e6"},"/home/alexaxel/Desktop/MY_ATLP/My_Brand/server/src/routes/query.js":{"path":"/home/alexaxel/Desktop/MY_ATLP/My_Brand/server/src/routes/query.js","statementMap":{"0":{"start":{"line":3,"column":19},"end":{"line":3,"column":56}},"1":{"start":{"line":5,"column":77},"end":{"line":5,"column":175}},"2":{"start":{"line":5,"column":94},"end":{"line":5,"column":107}},"3":{"start":{"line":5,"column":121},"end":{"line":5,"column":131}},"4":{"start":{"line":5,"column":151},"end":{"line":5,"column":165}},"5":{"start":{"line":5,"column":166},"end":{"line":5,"column":173}},"6":{"start":{"line":5,"column":176},"end":{"line":5,"column":263}},"7":{"start":{"line":5,"column":193},"end":{"line":5,"column":208}},"8":{"start":{"line":5,"column":218},"end":{"line":5,"column":261}},"9":{"start":{"line":7,"column":33},"end":{"line":7,"column":387}},"10":{"start":{"line":7,"column":65},"end":{"line":7,"column":69}},"11":{"start":{"line":7,"column":78},"end":{"line":7,"column":87}},"12":{"start":{"line":7,"column":89},"end":{"line":7,"column":384}},"13":{"start":{"line":7,"column":147},"end":{"line":7,"column":167}},"14":{"start":{"line":7,"column":193},"end":{"line":7,"column":264}},"15":{"start":{"line":7,"column":290},"end":{"line":7,"column":360}},"16":{"start":{"line":7,"column":363},"end":{"line":7,"column":380}},"17":{"start":{"line":9,"column":14},"end":{"line":9,"column":32}},"18":{"start":{"line":11,"column":15},"end":{"line":11,"column":41}},"19":{"start":{"line":12,"column":12},"end":{"line":12,"column":26}},"20":{"start":{"line":13,"column":20},"end":{"line":13,"column":42}},"21":{"start":{"line":15,"column":13},"end":{"line":15,"column":29}},"22":{"start":{"line":17,"column":25},"end":{"line":17,"column":69}},"23":{"start":{"line":70,"column":0},"end":{"line":106,"column":5}},"24":{"start":{"line":71,"column":13},"end":{"line":101,"column":5}},"25":{"start":{"line":73,"column":4},"end":{"line":100,"column":32}},"26":{"start":{"line":74,"column":6},"end":{"line":99,"column":7}},"27":{"start":{"line":75,"column":8},"end":{"line":98,"column":9}},"28":{"start":{"line":77,"column":12},"end":{"line":77,"column":30}},"29":{"start":{"line":78,"column":12},"end":{"line":78,"column":30}},"30":{"start":{"line":79,"column":12},"end":{"line":79,"column":32}},"31":{"start":{"line":82,"column":12},"end":{"line":82,"column":36}},"32":{"start":{"line":83,"column":12},"end":{"line":83,"column":28}},"33":{"start":{"line":84,"column":12},"end":{"line":84,"column":42}},"34":{"start":{"line":85,"column":12},"end":{"line":85,"column":31}},"35":{"start":{"line":86,"column":12},"end":{"line":86,"column":18}},"36":{"start":{"line":89,"column":12},"end":{"line":89,"column":30}},"37":{"start":{"line":90,"column":12},"end":{"line":90,"column":47}},"38":{"start":{"line":91,"column":12},"end":{"line":93,"column":15}},"39":{"start":{"line":97,"column":12},"end":{"line":97,"column":35}},"40":{"start":{"line":103,"column":2},"end":{"line":105,"column":4}},"41":{"start":{"line":104,"column":4},"end":{"line":104,"column":39}},"42":{"start":{"line":134,"column":0},"end":{"line":177,"column":5}},"43":{"start":{"line":135,"column":14},"end":{"line":172,"column":5}},"44":{"start":{"line":137,"column":4},"end":{"line":171,"column":33}},"45":{"start":{"line":138,"column":6},"end":{"line":170,"column":7}},"46":{"start":{"line":139,"column":8},"end":{"line":169,"column":9}},"47":{"start":{"line":141,"column":12},"end":{"line":141,"column":31}},"48":{"start":{"line":142,"column":12},"end":{"line":147,"column":15}},"49":{"start":{"line":148,"column":12},"end":{"line":148,"column":31}},"50":{"start":{"line":149,"column":12},"end":{"line":149,"column":35}},"51":{"start":{"line":152,"column":12},"end":{"line":154,"column":15}},"52":{"start":{"line":155,"column":12},"end":{"line":155,"column":32}},"53":{"start":{"line
[...]
lumn":28},"end":{"line":46,"column":3}},"line":44},"10":{"name":"(anonymous_10)","decl":{"start":{"line":81,"column":30},"end":{"line":81,"column":31}},"loc":{"start":{"line":81,"column":42},"end":{"line":156,"column":1}},"line":81},"11":{"name":"_callee2","decl":{"start":{"line":82,"column":79},"end":{"line":82,"column":87}},"loc":{"start":{"line":82,"column":98},"end":{"line":151,"column":3}},"line":82},"12":{"name":"_callee2$","decl":{"start":{"line":84,"column":44},"end":{"line":84,"column":53}},"loc":{"start":{"line":84,"column":65},"end":{"line":150,"column":5}},"line":84},"13":{"name":"(anonymous_13)","decl":{"start":{"line":121,"column":45},"end":{"line":121,"column":46}},"loc":{"start":{"line":121,"column":67},"end":{"line":126,"column":13}},"line":121},"14":{"name":"(anonymous_14)","decl":{"start":{"line":153,"column":9},"end":{"line":153,"column":10}},"loc":{"start":{"line":153,"column":29},"end":{"line":155,"column":3}},"line":153}},"branchMap":{"0":{"loc":{"start":{"line":3,"column":176},"end":{"line":3,"column":263}},"type":"if","locations":[{"start":{"line":3,"column":176},"end":{"line":3,"column":263}},{"start":{"line":3,"column":176},"end":{"line":3,"column":263}}],"line":3},"1":{"loc":{"start":{"line":25,"column":8},"end":{"line":39,"column":9}},"type":"switch","locations":[{"start":{"line":26,"column":10},"end":{"line":34,"column":13}},{"start":{"line":36,"column":10},"end":{"line":36,"column":17}},{"start":{"line":37,"column":10},"end":{"line":38,"column":35}}],"line":25},"2":{"loc":{"start":{"line":86,"column":8},"end":{"line":148,"column":9}},"type":"switch","locations":[{"start":{"line":87,"column":10},"end":{"line":91,"column":15}},{"start":{"line":93,"column":10},"end":{"line":103,"column":16}},{"start":{"line":105,"column":10},"end":{"line":108,"column":68}},{"start":{"line":110,"column":10},"end":{"line":128,"column":18}},{"start":{"line":130,"column":10},"end":{"line":131,"column":55}},{"start":{"line":133,"column":10},"end":{"line":135,"column":18}},{"start":{"line":137,"column":10},"end":{"line":143,"column":15}},{"start":{"line":145,"column":10},"end":{"line":145,"column":18}},{"start":{"line":146,"column":10},"end":{"line":147,"column":36}}],"line":86},"3":{"loc":{"start":{"line":96,"column":12},"end":{"line":99,"column":13}},"type":"if","locations":[{"start":{"line":96,"column":12},"end":{"line":99,"column":13}},{"start":{"line":96,"column":12},"end":{"line":99,"column":13}}],"line":96},"4":{"loc":{"start":{"line":111,"column":12},"end":{"line":114,"column":13}},"type":"if","locations":[{"start":{"line":111,"column":12},"end":{"line":114,"column":13}},{"start":{"line":111,"column":12},"end":{"line":114,"column":13}}],"line":111}},"s":{"0":5,"1":5,"2":5,"3":0,"4":0,"5":5,"6":2,"7":3,"8":2,"9":2,"10":2,"11":2,"12":2,"13":5,"14":0,"15":2,"16":1,"17":1,"18":1,"19":1,"20":1,"21":1,"22":1,"23":1,"24":1,"25":1,"26":0,"27":0,"28":0,"29":0,"30":0,"31":0,"32":0,"33":1,"34":0,"35":1,"36":1,"37":2,"38":6,"39":9,"40":2,"41":2,"42":2,"43":2,"44":1,"45":1,"46":1,"47":1,"48":1,"49":1,"50":1,"51":0,"52":0,"53":1,"54":1,"55":1,"56":1,"57":1,"58":0,"59":1,"60":1,"61":0,"62":0,"63":0,"64":0,"65":2,"66":1,"67":2,"68":1},"f":{"0":5,"1":2,"2":2,"3":2,"4":5,"5":0,"6":1,"7":0,"8":0,"9":0,"10":1,"11":2,"12":6,"13":1,"14":2},"b":{"0":[2,3],"1":[0,0,0],"2":[2,2,1,1,0,1,0,1,2],"3":[1,1],"4":[0,1]},"inputSourceMap":{"version":3,"sources":["login.js"],"names":["express","require","router","Router","jwt","User","validateUser","bcrypt","config","get","req","res","status","send","Message","error","post","findOne","email","body","user","compare","password","payload","id","_id","username","type","sign","secret","err","token","console","log","module","exports"],"mappings":";;;;;;AAAA,IAAMA,OAAO,GAAGC,OAAO,CAAC,SAAD,CAAvB;;AACA,IAAMC,MAAM,GAAGF,OAAO,CAACG,MAAR,EAAf;;AACA,IAAMC,GAAG,GAAGH,OAAO,CAAC,cAAD,CAAnB;;AACA,eAA4BA,OAAO,CAAC,gBAAD,CAAnC;AAAA,IAAOI,IAAP,YAAOA,IAAP;AAAA,IAAYC,YAAZ,YAAYA,YAAZ;;AACA,IAAMC,MAAM,GAAGN,OAAO,CAAC,QAAD,CAAtB;;AACA,IAAMO,MAAM,GAAGP,OAAO,CAAC,QAAD,CAAtB;;AAIAC,MAAM,CAACO,GAAP,CAAW,GAAX;AAAA,qEAAe,iBAAOC,GAAP,EAAWC,GAAX;AAAA;AAAA;AAAA;AAAA;AACZ;AACA,gBAAI;AACHA,cAAAA,GAAG,CAACC,MAAJ,CAAWC,IAAX,CAAgB;AAACC,gBAAAA,OAAO,EAAE;AAAV,eAAhB;AACA,aAFD,CAEE,OAAOC,KAAP,EAAc;AACZJ,cAAAA,GAAG,CAACC,MAAJ,CAAW,GAAX,EAAgBC,IAAhB,CAAqB,0BAArB;AACH;;AANW;AAAA;AAAA;AAAA;AAAA;AAAA;AAAA,GAAf;;AAAA;AAAA;AAAA;AAAA;AASA;AACA;AACA;AACA;AACA;AACA;AACA;AACA;AACA;AACA;AACA;AACA;AACA;AACA;AACA;AACA;AACA;AACA;AACA;AACA;AACA;AACA;AACA;AACA;AACA;AACA;AACA;AACA;AACA;AACA;AACA;AACA;;AAEAX,MAAM,CAACc,IAAP,CAAY,GAAZ;AAAA,sEAAgB,kBAAMN,GAAN,EAAUC,GAAV;AAAA;AAAA;AAAA;AAAA;AAAA;AAAA;AAAA,mBACMN,IAAI,CAACY,OAAL,CAAa;AAACC,cAAAA,KAAK,EAAER,GAAG,CAACS,IAAJ,CAASD;AAAjB,aAAb,CADN;;AAAA;AACPE,YAAAA,IADO;;AAAA,kBAGTA,IAAI,IAAI,IAHC;AAAA;AAAA;AAAA;;AAAA,8CAIFT,GAAG,CAACC,MAAJ,CAAW,GAAX,EAAgBC,IAAhB,CAAqB;AAAC,yBAAU;AAAX,aAArB,CAJE;;AAAA;AAAA;AAAA;AAAA,mBAODN,MAAM,CAACc,OAAP,CAAeX,GAAG,CAACS,IAAJ,CAASG,QAAxB,EAAkCF,IAAI,CAACE,QAAvC,CAPC;;AAAA;AAAA;AAAA;AAAA;AAAA;;AASLC,YAAAA,OATK,GASK;AAACC,cAAAA,EAAE,EAACJ,IAAI,CAACK,GAAT;AAAaC,cAAAA,QAAQ,EAACN,IAAI,CAACM,QAA3B;AAAoCC,cAAAA,IAAI,EAACP,IAAI,CAACO;AAA9C,aATL;AAURvB,YAAAA,GAAG,CAACwB,IAAJ,CAASL,OAAT,EAAiBf,MAAM,CAACqB,MAAxB,EAA+B,UAACC,GAAD,EAAKC,KAAL,EAAa;AACxCpB,cAAAA,GAAG,CAACC,MAAJ,CAAW,GAAX,EAAgBC,IAAhB,CAAqB;AAAC,yBAASkB,KAAV;AAAgBJ,gBAAAA,IAAI,EAACP,IAAI,CAACO;AAA1B,eAArB;AACH,aAFD;AAVQ;AAAA;;AAAA;AAcPhB,YAAAA,GAAG,CAACC,MAAJ,CAAW,GAAX,EAAgBC,IAAhB,CAAqB,oBAArB;;AAdO;AAAA;AAAA;;AAAA;AAAA;AAAA;AAiBTmB,YAAAA,OAAO,CAACC,GAAR;AACAtB,YAAAA,GAAG,CAACC,MAAJ,CAAW,GAAX,EAAgBC,IAAhB,CAAqB;AAACC,cAAAA,OAAO,EAAE;AAAV,aAArB;;AAlBS;AAAA;AAAA;AAAA;AAAA;AAAA;AAAA,GAAhB;;AAAA;AAAA;AAAA;AAAA;AAuBAoB,MAAM,CAACC,OAAP,GAAiBjC,MAAjB","sourceRoot":"/home/alexaxel/Desktop/MY_ATLP/My_Brand/server/src/routes/","sourcesContent":["const express = require(\"express\");\nconst router = express.Router();\nconst jwt = require(\"jsonwebtoken\")\nconst {User,validateUser} = require(\"../models/User\")\nconst bcrypt = require(\"bcrypt\")\nconst config = require(\"config\");\n\n\n\nrouter.get(\"/\",async (req,res)=>{\n   // const users = await User.find()\n   try {\n    res.status.send({Message: \"This should be the login page rendered\"})       \n   } catch (error) {\n       res.status(404).send(\"Login resource not found\")\n   }\n})\n\n/**\n * @swagger\n * /login:\n *   post:\n *     summary: Please Login to get token\n *     tags:\n *       - Auth\n *     requestBody:\n *       required: true\n *       content:\n *         application/json:\n *             schema:\n *               type: object\n *               properties:\n *                 username:\n *                   type: string\n *                 password:\n *                   type: string  \n *     responses:\n *       '400':\n *         description: Bad Request \n *       '200':\n *         description: A list of queries.\n *         content:\n *           application/json:\n *             schema:\n *               type: object\n *               properties:\n *                 Message:\n *                   type: string\n *                 \n */\n\nrouter.post(\"/\",async(req,res)=>{\n   const user = await User.findOne({email: req.body.email})\n  \n   if (user == null) {\n       return res.status(400).send({\"Message\":\"Cannot Find User\"})\n   }\n   try {\n      if(await bcrypt.compare(req.body.password, user.password)){\n     \n     const payload = {id:user._id,username:user.username,type:user.type};\n        jwt.sign(payload,config.secret,(err,token)=>{\n            res.status(200).send({\"token\": token,type:user.type})\n        })\n      }else{\n         res.status(400).send(\"Password Incorrect\");\n      }\n   } catch (err) {\n       console.log(err)\n       res.status(405).send({Message: \"Problem with the server\"});\n   }\n\n})\n\nmodule.exports = router;"]},"_coverageSchema":"1a1c01bbd47fc00a2c39e90264f33305004495a9","hash":"017e6519df80f4cbb69559853649651d5fb85779","contentHash":"18e62343beab0aa45cc610d5bfd2cea4d491017f5beda596fbbe5185349ca7c2"},"/home/alexaxel/Desktop/MY_ATLP/My_Brand/server/src/routes/sign-up.js":{"path":"/home/alexaxel/Desktop/MY_ATLP/My_Brand/server/src/routes/sign-up.js","statementMap":{"0":{"start":{"line":3,"column":77},"end":{"line":3,"column":175}},"1":{"start":{"line":3,"column":94},"end":{"line":3,"column":107}},"2":{"start":{"line":3,"column":121},"end":{"line":3,"column":131}},"3":{"start":{"line":3,"column":151},"end":{"line":3,"column":165}},"4":{"start":{"line":3,"column":166},"end":{"line":3,"column":173}},"5":{"start":{"line":3,"column":176},"end":{"line":3,"column":263}},"6":{"start":{"line":3,"column":193},"end":{"line":3,"column":208}},"7":{"start":{"line":3,"column":218},"end":{"line":3,"column":261}},"8":{"start":{"line":5,"column":33},"end":{"line":5,"column":387}},"9":{"start":{"line":5,"column":65},"end":{"line":5,"column":69}},"10":{"start":{"line":5,"column":78},"end":{"line":5,"column":87}},"11":{"start":{"line":5,"column":89},"end":{"line":5,"column":384}},"12":{"start":{"line":5,"column":147},"end":{"line":5,"column":167}},"13":{"start":{"line":5,"column":193},"end":{"line":5,"column":264}},"14":{"start":{"line":5,"column":290},"end":{"line":5,"column":360}},"15":{"start":{"line":5,"column":363},"end":{"line":5,"column":380}},"16":{"start":{"line":7,"column":14},"end":{"line":7,"column":32}},"17":{"start":{"line":9,"column":13},"end":{"line":9,"column":29}},"18":{"start":{"line":11,"column":13},"end":{"line":11,"column":30}},"19":{"start":{"line":13,"column":15},"end":{"line":13,"column":40}},"20":{"start":{"line":14,"column":19},"end":{"line":14,"column":40}},"21":{"start":{"line":15,"column":11},"end":{"line":15,"column":24}},"22":{"start":{"line":17,"column":25},"end":{"line":17,"column":69}},"23":{"start":{"line":19,"column":0},"end":{"line":23,"column":3}},"24":{"start":{"line":20,"column":2},"end":{"line":22,"column":5}},"25":{"start":{"line":58,"column":0},"end":{"line":124,"column":5}},"26":{"start":{"line":59,"column":13},"end":{"line":119,"column":5}},"27":{"start":{"line":61,"column":4},"end":{"line":118,"column":33}},"28":{"start":{"line":62,"column":6},"end":{"line":117,"column":7}},"29":{"start":{"line":63,"column":8},"end":{"line":116,"column":9}},"30":{"start":{"line":65,"column":12},"end":{"line":65,"column":30}},"31":{"start":{"line":66,"column":12},"end":{"line":66,"column":30}},"32":{"start":{"line":67,"column":12},"end":{"line":69,"column":15}},"33":{"start":{"line":72,"column":12},"end":{"line":72,"column":38}},"34":{"start":{"line":74,"column":12},"end":{"line":77,"column":13}},"35":{"start":{"line":75,"column":14},"end":{"line":75,"column":32}},"36":{"start":{"line":76,"column":14},"end":{"line":76,"column":20}},"37":{"start":{"line":79,"column":12},"end":{"line":79,"column":90}},"38":{"start":{"line":82,"column":12},"end":{"line":82,"column":30}},"39":{"start":{"line":83,"column":12},"end":{"line":83,"column":36}},"40":{"start":{"line":86,"column":12},"end":{"line":86,"column":33}},"41":{"start":{"line":87,"column":12},"end":{"line":87,"column":31}},"42":{"start":{"line":88,"column":12},"end":{"line":88,"column":56}},"43":{"start":{"line":91,"column":12},"end":{"line":91,"column":43}},"44":{"start":{"line":92,"column":12},"end":{"line":96,"column":15}},"45":{"start":{"line":97,"column":12},"end":{"line":97,"column":31}},"46":{"start":{"line":98,"column":12},"end":{"line":98,"column":31}},"47":{"start":{"line":101,"column":12},"end":{"line":103,"column":15}},"48":{"start":{"line":104,"column":12},"end":{"line":104,"column":31}},"49":{"start":{"line":105,"column":12},"end":{"line":105,"column":18}},"50":{"start":{"line":108,"column":12},"end":{"line":108,"column":31}},"51":{"start":{"line":109,"column":12},"end":{"line":109,"column":47}},"52":{"start":{"line":111,"column":12},"end":{"line":111,"column":66}},"53":{"start":{"line":115,"column":12},"end":{"line":115,"column":35}},"54":{"start":{"line":121,"column":2},"end":{"line":123,"column":4}},"55":{"start":{"line":122,"column":4},"end":{"line":122,"column":39}},"56":{"start":{"line":125,"column":0},"end":{"line":125,"column":24}}},"fnMap":{"0":{"name":"asyncGeneratorStep","decl":{"start":{"line":3,"column":9},"end":{"line":3,"column":27}},"loc":{"start":{"line":3,"column":75},"end":{"line":3,"column":265}},"line":3},"1":{"name":"_asyncToGenerator","decl":{"start":{"line":5,"column":9},"end":{"line":5,"column":26}},"loc":{"start":{"line":5,"column":31},"end":{"line":5,"column":389}},"line":5},"2":{"name":"(anonymous_2)","decl":{"start":{"line":5,"column":40},"end":{"line":5,"column":41}},"loc":{"start":{"line":5,"column":52},"end":{"line":5,"column":386}},"line":5},"3":{"name":"(anonymous_3)","decl":{"start":{"line":5,"column":108},"end":{"line":5,"column":109}},"loc":{"start":{"line":5,"column":135},"end":{"line":5,"column":382}},"line":5},"4":{"name":"_next","decl":{"start":{"line":5,"column":178},"end":{"line":5,"column":183}},"loc":{"start":{"line":5,"column":191},"end":{"line":5,"column":266}},"line":5},"5":{"name":"_throw","decl":{"start":{"line":5,"column":276},"end":{"line":5,"column":282}},"loc":{"start":{"line":5,"column":288},"end":{"line":5,"column":362}},"line":5},"6":{"name":"(anonymous_6)","decl":{"start":{"line":19,"column":16},"end":{"line":19,"column":17}},"loc":{"start":{"line":19,"column":36},"end":{"line":23,"column":1}},"line":19},"7":{"name":"(anonymous_7)","decl":{"start":{"line":58,"column":64},"end":{"line":58,"column":65}},"loc":{"start":{"line":58,"column":76},"end":{"line":124,"column":1}},"line":58},"8":{"name":"_callee","decl":{"start":{"line":59,"column":78},"end":{"line":59,"column":85}},"loc":{"start":{"line":59,"column":96},"end":{"line":119,"column":3}},"line":59},"9":{"name":"_callee$","decl":{"start":{"line":61,"column":44},"end":{"line":61,"column":52}},"loc":{"start":{"line":61,"column":63},"end":{"line":118,"column":5}},"line":61},"10":{"name":"(anonymous_10)","decl":{"start":{"line":121,"column":9},"end":{"line":121,"column":10}},"loc":{"start":{"line":121,"column":28},"end":{"line":123,"column":3}},"line":121}},"branchMap":{"0":{"loc":{"start":{"line":3,"column":176},"end":{"line":3,"column":263}},"type":"if","locations":[{"start":{"line":3,"column":176},"end":{"line":3,"column":263}},{"start":{"line":3,"column":176},"end":{"line":3,"column":263}}],"line":3},"1":{"loc":{"start":{"line":63,"column":8},"end":{"line":116,"column":9}},"type":"switch","locations":[{"start":{"line":64,"column":10},"end":{"line":69,"column":15}},{"start":{"line":71,"column":10},"end":{"line":79,"column":90}},{"start":{"line":81,"column":10},"end":{"line":83,"column":36}},{"start":{"line":85,"column":10},"end":{"line":88,"column":56}},{"start":{"line":90,"column":10},"end":{"line":98,"column":31}},{"start":{"line":100,"column":10},"end":{"line":105,"column":18}},{"start":{"line":107,"column":10},"end":{"line":111,"column":66}},{"start":{"line":113,"column":10},"end":{"line":113,"column":18}},{"start":{"line":114,"column":10},"end":{"line":115,"column":35}}],"line":63},"2":{"loc":{"start":{"line":74,"column":12},"end":{"line":77,"column":13}},"type":"if","locations":[{"start":{"line":74,"column":12},"end":{"line":77,"column":13}},{"start":{"line":74,"column":12},"end":{"line":77,"column":13}}],"line":74}},"s":{"0":5,"1":5,"2":5,"3":0,"4":0,"5":5,"6":1,"7":4,"8":1,"9":1,"10":1,"11":1,"12":1,"13":5,"14":0,"15":1,"16":1,"17":1,"18":1,"19":1,"20":1,"21":1,"22":1,"23":1,"24":0,"25":1,"26":1,"27":1,"28":5,"29":7,"30":1,"31":1,"32":1,"33":1,"34":1,"35":1,"36":1,"37":0,"38":1,"39":1,"40":1,"41":1,"42":1,"43":1,"44":1,"45":1,"46":1,"47":1,"48":1,"49":1,"50":0,"51":0,"52":0,"53":1,"54":1,"55":1,"56":1},"f":{"0":5,"1":1,"2":1,"3":1,"4":5,"5":0,"6":0,"7":1,"8":1,"9":5,"10":1},"b":{"0":[1,4],"1":[1,1,1,1,1,1,0,1,1],"2":[1,0]},"inputSourceMap":{"version":3,"sources":["sign-up.js"],"names":["express","require","router","Router","bcrypt","validateUser","User","validateMiddleWare","get","req","res","send","Message","post","findOne","email","body","userExist","status","genSalt","salt","hash","password","hashedPassword","user","type","save","module","exports"],"mappings":";;;;;;AAAA,IAAMA,OAAO,GAAGC,OAAO,CAAC,SAAD,CAAvB;;AACA,IAAMC,MAAM,GAAGF,OAAO,CAACG,MAAR,EAAf;;AACA,IAAMC,MAAM,GAAGH,OAAO,CAAC,QAAD,CAAtB;;AAEA,eAA4BA,OAAO,CAAC,gBAAD,CAAnC;AAAA,IAAOI,YAAP,YAAOA,YAAP;AAAA,IAAoBC,IAApB,YAAoBA,IAApB;;AACA,IAAMC,kBAAkB,GAAGN,OAAO,CAAC,mCAAD,CAAlC;;AAEAC,MAAM,CAACM,GAAP,CAAW,GAAX,EAAe,UAACC,GAAD,EAAKC,GAAL,EAAW;AACtBA,EAAAA,GAAG,CAACC,IAAJ,CAAS;AAACC,IAAAA,OAAO,EAAC;AAAT,GAAT;AACH,CAFD;AAIA;AACA;AACA;AACA;AACA;AACA;AACA;AACA;AACA;AACA;AACA;AACA;AACA;AACA;AACA;AACA;AACA;AACA;AACA;AACA;AACA;AACA;AACA;AACA;AACA;AACA;AACA;AACA;AACA;AACA;AACA;AACA;AACA;;AAEAV,MAAM,CAACW,IAAP,CAAY,GAAZ,EAAiBN,kBAAkB,CAACF,YAAD,CAAnC;AAAA,qEAAmD,iBAAMI,GAAN,EAAUC,GAAV;AAAA;AAAA;AAAA;AAAA;AAAA;AAAA;AAAA;AAAA,mBAGvBJ,IAAI,CAACQ,OAAL,CAAa;AAACC,cAAAA,KAAK,EAAEN,GAAG,CAACO,IAAJ,CAASD;AAAjB,aAAb,CAHuB;;AAAA;AAGzCE,YAAAA,SAHyC;;AAAA,iBAK3CA,SAL2C;AAAA;AAAA;AAAA;;AAAA,6CAKzBP,GAAG,CAACQ,MAAJ,CAAW,GAAX,EAAgBP,IAAhB,CAAqB,qBAArB,CALyB;;AAAA;AAAA;AAAA,mBAM5BP,MAAM,CAACe,OAAP,EAN4B;;AAAA;AAMzCC,YAAAA,IANyC;AAAA;AAAA,mBAOlBhB,MAAM,CAACiB,IAAP,CAAYZ,GAAG,CAACO,IAAJ,CAASM,QAArB,EAA+BF,IAA/B,CAPkB;;AAAA;AAOzCG,YAAAA,cAPyC;AASzCC,YAAAA,IATyC,GASnC,IAAIlB,IAAJ,CAAS;AACjBS,cAAAA,KAAK,EAACN,GAAG,CAACO,IAAJ,CAASD,KADE;AAEjBO,cAAAA,QAAQ,EAACC,cAFQ;AAGjBE,cAAAA,IAAI,EAAE;AAHW,aAAT,CATmC;AAAA;AAAA,mBAexCD,IAAI,CAACE,IAAL,EAfwC;;AAAA;AAgB/ChB,YAAAA,GAAG,CAACQ,MAAJ,CAAW,GAAX,EAAgBP,IAAhB,CAAqB;AAACC,cAAAA,OAAO,EAAC;AAAT,aAArB;AAhB+C;AAAA;;AAAA;AAAA;AAAA;AAkB/C;AACAF,YAAAA,GAAG,CAACQ,MAAJ,CAAW,GAAX,EAAgBP,IAAhB,CAAqB,+BAArB;;AAnB+C;AAAA;AAAA;AAAA;AAAA;AAAA;AAAA,GAAnD;;AAAA;AAAA;AAAA;AAAA;AAwBAgB,MAAM,CAACC,OAAP,GAAiB1B,MAAjB","sourceRoot":"/home/alexaxel/Desktop/MY_ATLP/My_Brand/server/src/routes/","sourcesContent":["const express = require(\"express\");\nconst router = express.Router();\nconst bcrypt = require(\"bcrypt\")\n\nconst {validateUser,User} = require(\"../models/User\")\nconst validateMiddleWare = require('../middlewares/validateMiddleware')\n\nrouter.get(\"/\",(req,res)=>{\n    res.send({Message:\"This is the sign up page\"})\n})\n\n/**\n * @swagger\n * /signup:\n *   post:\n *     summary: Register new user\n *     tags:\n *       - Auth\n *     requestBody:\n *       required: true\n *       content:\n *         application/json:\n *             schema:\n *               type: object\n *               properties:\n *                 username:\n *                   type: string\n *                 password:\n *                   type: string  \n *     responses:\n *       '400':\n *         description: Bad Request \n *       '200':\n *         description: A list of queries.\n *         content:\n *           application/json:\n *             schema:\n *               type: object\n *               properties:\n *                 token:\n *                   type: string\n *                   description: A secure token for authentication\n *                 \n */\n\nrouter.post(\"/\", validateMiddleWare(validateUser), async(req,res)=>{\ntry {    \n\n    const userExist = await User.findOne({email: req.body.email})\n    \n    if (userExist) return res.status(400).send(\"email Already Taken\")\n    const salt = await bcrypt.genSalt();\n    const hashedPassword = await bcrypt.hash(req.body.password, salt)\n\n    const user= new User({\n        email:req.body.email,\n        password:hashedPassword,\n        type: \"user\"\n    })\n\n     await user.save();\n    res.status(201).send({Message:\"User registered Successfully\"})\n} catch (error) {\n    // console.log(error)\n    res.status(500).send(\"Problem registering new users\");\n}\n\n})\n\nmodule.exports = router;"]},"_coverageSchema":"1a1c01bbd47fc00a2c39e90264f33305004495a9","hash":"b3583385c3fa192a70665d3ca98f72dc552ed7dc","contentHash":"cc1e1a8ca59921483208e7a7906f05b3e8b2e85818359b9d2d673cf136644975"}}