TN:
SF:src/index.js
FN:73,(anonymous_6)
FN:73,_callee
FN:75,(anonymous_9)
FN:98,(anonymous_10)
FN:105,(anonymous_11)
FN:73,connectDB
FNF:6
FNH:5
FNDA:1,(anonymous_6)
FNDA:3,_callee
FNDA:1,(anonymous_9)
FNDA:1,(anonymous_10)
FNDA:0,(anonymous_11)
FNDA:1,connectDB
DA:3,1
DA:4,1
DA:5,1
DA:6,1
DA:7,1
DA:8,1
DA:10,1
DA:11,1
DA:12,1
DA:13,1
DA:14,1
DA:16,1
DA:17,1
DA:20,1
DA:21,1
DA:22,1
DA:24,1
DA:63,1
DA:69,1
DA:71,1
DA:73,8
DA:77,1
DA:81,1
DA:84,1
DA:86,1
DA:87,1
DA:88,1
DA:89,1
DA:90,1
DA:92,1
DA:93,1
DA:96,1
DA:98,1
DA:99,1
DA:100,1
DA:106,0
DA:111,1
DA:112,1
LF:38
LH:37
BRDA:20,0,0,1
BRDA:20,0,1,1
BRDA:73,1,0,1
BRDA:73,1,1,1
BRDA:73,1,2,1
BRDA:99,2,0,1
BRDA:99,2,1,0
BRF:7
BRH:6
end_of_record
TN:
SF:src/buildScripts/testSetup.js
FNF:0
FNH:0
DA:1,1
DA:2,1
LF:2
LH:2
BRF:0
BRH:0
end_of_record
TN:
SF:src/controllers/verifyToken.js
FN:7,verifyToken
FN:13,(anonymous_1)
FNF:2
FNH:2
FNDA:4,verifyToken
FNDA:4,(anonymous_1)
DA:1,1
DA:3,1
DA:4,1
DA:8,4
DA:9,4
DA:10,4
DA:11,4
DA:13,4
DA:15,4
DA:16,4
DA:17,4
DA:21,0
LF:12
LH:11
BRDA:10,0,0,4
BRDA:10,0,1,4
BRDA:11,1,0,0
BRDA:11,1,1,4
BRDA:15,2,0,0
BRDA:15,2,1,4
BRF:6
BRH:4
end_of_record
TN:
SF:src/middlewares/validateMiddleware.js
FN:2,(anonymous_0)
FN:3,(anonymous_1)
FNF:2
FNH:2
FNDA:7,(anonymous_0)
FNDA:6,(anonymous_1)
DA:2,1
DA:3,7
DA:4,6
DA:5,6
DA:6,1
DA:8,5
LF:6
LH:6
BRDA:5,0,0,1
BRDA:5,0,1,5
BRF:2
BRH:2
end_of_record
TN:
SF:src/models/Article.js
FN:18,validateArticle
FNF:1
FNH:1
FNDA:1,validateArticle
DA:1,1
DA:2,1
DA:5,1
DA:16,1
DA:18,1
DA:19,1
DA:25,1
DA:28,1
LF:8
LH:8
BRF:0
BRH:0
end_of_record
TN:
SF:src/models/Comment.js
FN:15,validateComment
FNF:1
FNH:1
FNDA:1,validateComment
DA:1,1
DA:2,1
DA:4,1
DA:13,1
DA:15,1
DA:16,1
DA:20,1
DA:23,1
LF:8
LH:8
BRF:0
BRH:0
end_of_record
TN:
SF:src/models/Dislike.js
FN:14,validateDislike
FNF:1
FNH:0
FNDA:0,validateDislike
DA:1,1
DA:2,1
DA:4,1
DA:12,1
DA:14,1
DA:15,0
DA:18,0
DA:21,1
LF:8
LH:6
BRF:0
BRH:0
end_of_record
TN:
SF:src/models/Like.js
FN:14,validateLike
FNF:1
FNH:1
FNDA:1,validateLike
DA:1,1
DA:2,1
DA:4,1
DA:12,1
DA:14,1
DA:15,1
DA:18,1
DA:21,1
LF:8
LH:8
BRF:0
BRH:0
end_of_record
TN:
SF:src/models/Query.js
FN:19,validateQuery
FNF:1
FNH:1
FNDA:1,validateQuery
DA:1,1
DA:2,1
DA:4,1
DA:17,1
DA:19,1
DA:20,1
DA:27,1
DA:30,1
LF:8
LH:8
BRF:0
BRH:0
end_of_record
TN:
SF:src/models/User.js
FN:15,validateUser
FNF:1
FNH:1
FNDA:2,validateUser
DA:1,1
DA:2,1
DA:4,1
DA:13,1
DA:15,1
DA:16,2
DA:21,2
DA:24,1
LF:8
LH:8
BRF:0
BRH:0
end_of_record
TN:
SF:src/routes/api.js
FN:12,(anonymous_6)
FN:12,_callee
FNF:2
FNH:1
FNDA:1,(anonymous_6)
FNDA:0,_callee
DA:1,1
DA:2,1
DA:3,1
DA:5,1
DA:6,1
DA:8,1
DA:12,3
DA:13,0
DA:14,0
DA:16,0
DA:21,1
LF:11
LH:8
BRDA:12,0,0,0
BRDA:12,0,1,0
BRDA:12,0,2,0
BRF:3
BRH:0
end_of_record
TN:
SF:src/routes/article.js
FN:49,(anonymous_7)
FN:49,_callee
FN:83,(anonymous_11)
FN:83,_callee2
FN:126,(anonymous_15)
FN:126,_callee3
FN:172,(anonymous_19)
FN:172,_callee4
FN:186,(anonymous_23)
FN:186,_callee5
FNF:10
FNH:8
FNDA:2,(anonymous_7)
FNDA:3,_callee
FNDA:2,(anonymous_11)
FNDA:3,_callee2
FNDA:2,(anonymous_15)
FNDA:4,_callee3
FNDA:1,(anonymous_19)
FNDA:0,_callee4
FNDA:1,(anonymous_23)
FNDA:0,_callee5
DA:1,1
DA:2,1
DA:3,1
DA:4,1
DA:6,1
DA:7,1
DA:49,12
DA:51,1
DA:52,1
DA:54,0
DA:83,12
DA:85,1
DA:86,1
DA:87,1
DA:89,0
DA:92,0
DA:126,16
DA:130,1
DA:139,1
DA:141,0
DA:172,3
DA:174,0
DA:177,0
DA:179,0
DA:182,0
DA:186,3
DA:188,0
DA:190,0
DA:192,0
DA:193,0
DA:196,0
DA:197,0
DA:199,0
DA:200,0
DA:203,0
DA:205,0
DA:208,0
DA:214,1
LF:38
LH:19
BRDA:49,0,0,1
BRDA:49,0,1,1
BRDA:49,0,2,0
BRDA:49,0,3,1
BRDA:49,0,4,1
BRDA:83,1,0,1
BRDA:83,1,1,1
BRDA:83,1,2,0
BRDA:83,1,3,1
BRDA:83,1,4,1
BRDA:86,2,0,1
BRDA:86,2,1,0
BRDA:126,3,0,1
BRDA:126,3,1,1
BRDA:126,3,2,1
BRDA:126,3,3,0
BRDA:126,3,4,1
BRDA:126,3,5,1
BRDA:172,4,0,0
BRDA:172,4,1,0
BRDA:172,4,2,0
BRDA:172,4,3,0
BRDA:172,4,4,0
BRDA:172,4,5,0
BRDA:172,4,6,0
BRDA:172,4,7,0
BRDA:172,5,0,0
BRDA:172,5,1,0
BRDA:186,6,0,0
BRDA:186,6,1,0
BRDA:186,6,2,0
BRDA:186,6,3,0
BRDA:186,6,4,0
BRDA:186,6,5,0
BRDA:186,6,6,0
BRDA:186,6,7,0
BRDA:186,6,8,0
BRDA:186,7,0,0
BRDA:186,7,1,0
BRDA:192,8,0,0
BRDA:192,8,1,0
BRDA:196,9,0,0
BRDA:196,9,1,0
BRDA:199,10,0,0
BRDA:199,10,1,0
BRF:45
BRH:14
end_of_record
TN:
SF:src/routes/comment.js
FN:45,(anonymous_6)
FN:45,_callee
FN:57,(anonymous_10)
FN:57,_callee2
FN:68,(anonymous_14)
FN:68,_callee3
FN:82,(anonymous_18)
FN:82,_callee4
FN:137,(anonymous_22)
FN:137,_callee5
FN:156,(anonymous_26)
FN:156,_callee6
FNF:12
FNH:9
FNDA:2,(anonymous_6)
FNDA:3,_callee
FNDA:2,(anonymous_10)
FNDA:3,_callee2
FNDA:1,(anonymous_14)
FNDA:0,_callee3
FNDA:1,(anonymous_18)
FNDA:0,_callee4
FNDA:2,(anonymous_22)
FNDA:3,_callee5
FNDA:1,(anonymous_26)
FNDA:0,_callee6
DA:1,1
DA:2,1
DA:3,1
DA:5,1
DA:6,1
DA:8,1
DA:9,1
DA:45,12
DA:47,1
DA:48,1
DA:51,0
DA:57,12
DA:59,1
DA:61,1
DA:63,0
DA:64,0
DA:68,3
DA:70,0
DA:71,0
DA:72,0
DA:74,0
DA:78,0
DA:82,3
DA:84,0
DA:85,0
DA:86,0
DA:87,0
DA:89,0
DA:93,0
DA:137,12
DA:140,1
DA:147,1
DA:149,0
DA:156,3
DA:159,0
DA:161,0
DA:165,1
LF:37
LH:20
BRDA:45,0,0,1
BRDA:45,0,1,1
BRDA:45,0,2,0
BRDA:45,0,3,1
BRDA:45,0,4,1
BRDA:57,1,0,1
BRDA:57,1,1,1
BRDA:57,1,2,0
BRDA:57,1,3,1
BRDA:57,1,4,1
BRDA:68,2,0,0
BRDA:68,2,1,0
BRDA:68,2,2,0
BRDA:68,2,3,0
BRDA:68,2,4,0
BRDA:71,3,0,0
BRDA:71,3,1,0
BRDA:82,4,0,0
BRDA:82,4,1,0
BRDA:82,4,2,0
BRDA:82,4,3,0
BRDA:82,4,4,0
BRDA:85,5,0,0
BRDA:85,5,1,0
BRDA:137,6,0,1
BRDA:137,6,1,1
BRDA:137,6,2,0
BRDA:137,6,3,1
BRDA:137,6,4,1
BRDA:156,7,0,0
BRDA:156,7,1,0
BRDA:156,7,2,0
BRDA:156,7,3,0
BRDA:156,7,4,0
BRF:34
BRH:12
end_of_record
TN:
SF:src/routes/like.js
FN:43,(anonymous_7)
FN:43,_callee
FN:75,(anonymous_11)
FN:75,_callee2
FN:87,(anonymous_15)
FN:87,_callee3
FN:101,(anonymous_19)
FN:101,_callee4
FN:113,(anonymous_23)
FN:113,_callee5
FN:156,(anonymous_27)
FN:156,_callee6
FN:214,(anonymous_31)
FN:214,_callee7
FNF:14
FNH:10
FNDA:2,(anonymous_7)
FNDA:3,_callee
FNDA:1,(anonymous_11)
FNDA:0,_callee2
FNDA:2,(anonymous_15)
FNDA:3,_callee3
FNDA:1,(anonymous_19)
FNDA:0,_callee4
FNDA:1,(anonymous_23)
FNDA:0,_callee5
FNDA:2,(anonymous_27)
FNDA:5,_callee6
FNDA:1,(anonymous_31)
FNDA:0,_callee7
DA:1,1
DA:2,1
DA:3,1
DA:4,1
DA:6,1
DA:7,1
DA:9,1
DA:10,1
DA:43,12
DA:45,1
DA:46,1
DA:48,0
DA:75,3
DA:77,0
DA:79,0
DA:82,0
DA:87,12
DA:89,1
DA:91,1
DA:94,0
DA:101,3
DA:103,0
DA:105,0
DA:108,0
DA:113,3
DA:115,0
DA:117,0
DA:120,0
DA:156,28
DA:158,1
DA:159,1
DA:167,1
DA:173,1
DA:175,0
DA:180,0
DA:214,3
DA:217,0
DA:221,0
DA:225,0
DA:227,0
DA:234,0
DA:237,0
DA:241,1
LF:43
LH:24
BRDA:43,0,0,1
BRDA:43,0,1,1
BRDA:43,0,2,0
BRDA:43,0,3,1
BRDA:43,0,4,1
BRDA:75,1,0,0
BRDA:75,1,1,0
BRDA:75,1,2,0
BRDA:75,1,3,0
BRDA:75,1,4,0
BRDA:87,2,0,1
BRDA:87,2,1,1
BRDA:87,2,2,0
BRDA:87,2,3,1
BRDA:87,2,4,1
BRDA:101,3,0,0
BRDA:101,3,1,0
BRDA:101,3,2,0
BRDA:101,3,3,0
BRDA:101,3,4,0
BRDA:113,4,0,0
BRDA:113,4,1,0
BRDA:113,4,2,0
BRDA:113,4,3,0
BRDA:113,4,4,0
BRDA:156,5,0,1
BRDA:156,5,1,1
BRDA:156,5,2,1
BRDA:156,5,3,0
BRDA:156,5,4,1
BRDA:156,5,5,1
BRDA:156,5,6,0
BRDA:156,5,7,1
BRDA:156,5,8,0
BRDA:156,5,9,1
BRDA:156,5,10,1
BRDA:156,6,0,1
BRDA:156,6,1,1
BRDA:214,7,0,0
BRDA:214,7,1,0
BRDA:214,7,2,0
BRDA:214,7,3,0
BRDA:214,7,4,0
BRDA:214,7,5,0
BRDA:214,7,6,0
BRDA:214,7,7,0
BRDA:214,7,8,0
BRDA:214,8,0,0
BRDA:214,8,1,0
BRF:49
BRH:18
end_of_record
TN:
SF:src/routes/login.js
FN:10,(anonymous_6)
FN:10,_callee
FN:52,(anonymous_10)
FN:52,_callee2
FN:62,(anonymous_13)
FNF:5
FNH:4
FNDA:1,(anonymous_6)
FNDA:0,_callee
FNDA:3,(anonymous_10)
FNDA:8,_callee2
FNDA:1,(anonymous_13)
DA:1,1
DA:2,1
DA:3,1
DA:4,1
DA:5,1
DA:6,1
DA:10,3
DA:12,0
DA:13,0
DA:15,0
DA:52,36
DA:53,2
DA:61,1
DA:62,1
DA:63,1
DA:66,0
DA:69,0
DA:70,0
DA:75,1
LF:19
LH:13
BRDA:10,0,0,0
BRDA:10,0,1,0
BRDA:10,0,2,0
BRDA:52,1,0,2
BRDA:52,1,1,2
BRDA:52,1,2,1
BRDA:52,1,3,1
BRDA:52,1,4,0
BRDA:52,1,5,1
BRDA:52,1,6,0
BRDA:52,1,7,1
BRDA:52,1,8,2
BRDA:52,2,0,1
BRDA:52,2,1,2
BRF:14
BRH:9
end_of_record
TN:
SF:src/routes/query.js
FN:61,(anonymous_6)
FN:61,_callee
FN:98,(anonymous_10)
FN:98,_callee2
FNF:4
FNH:4
FNDA:2,(anonymous_6)
FNDA:3,_callee
FNDA:2,(anonymous_10)
FNDA:3,_callee2
DA:1,1
DA:2,1
DA:3,1
DA:5,1
DA:7,1
DA:61,12
DA:63,1
DA:64,1
DA:65,1
DA:67,0
DA:98,12
DA:100,1
DA:108,1
DA:110,0
DA:111,0
DA:115,1
LF:16
LH:13
BRDA:61,0,0,1
BRDA:61,0,1,1
BRDA:61,0,2,0
BRDA:61,0,3,1
BRDA:61,0,4,1
BRDA:98,1,0,1
BRDA:98,1,1,1
BRDA:98,1,2,0
BRDA:98,1,3,1
BRDA:98,1,4,1
BRF:10
BRH:8
end_of_record
TN:
SF:src/routes/sign-up.js
FN:8,(anonymous_6)
FN:46,(anonymous_7)
FN:46,_callee
FNF:3
FNH:2
FNDA:0,(anonymous_6)
FNDA:2,(anonymous_7)
FNDA:6,_callee
DA:1,1
DA:2,1
DA:3,1
DA:5,1
DA:6,1
DA:8,1
DA:9,0
DA:46,28
DA:49,1
DA:52,1
DA:53,1
DA:55,1
DA:62,1
DA:65,0
DA:70,1
LF:15
LH:13
BRDA:46,0,0,1
BRDA:46,0,1,1
BRDA:46,0,2,1
BRDA:46,0,3,1
BRDA:46,0,4,1
BRDA:46,0,5,1
BRDA:46,0,6,0
BRDA:46,0,7,1
BRDA:46,0,8,1
BRDA:46,1,0,1
BRDA:46,1,1,0
BRF:11
BRH:9
end_of_record
